[2019-08-01 21:22:35] DEBUG 134 statementLog - {conn-10005, pstmt-20000} created. /* select generatedAlias0 from User as generatedAlias0 */ select user0_.id as id1_4_, user0_.description as descript2_4_, user0_.org_id as org_id7_4_, user0_.password as password3_4_, user0_.phone_number as phone_nu4_4_, user0_.real_name as real_nam5_4_, user0_.username as username6_4_ from user user0_ limit ?
[2019-08-01 21:22:35] DEBUG 134 statementLog - {conn-10005, pstmt-20000} Parameters : [10]
[2019-08-01 21:22:35] DEBUG 134 statementLog - {conn-10005, pstmt-20000} Types : [INTEGER]
[2019-08-01 21:22:36] DEBUG 134 statementLog - {conn-10005, pstmt-20000, rs-50000} query executed. 112.710658 millis. /* select generatedAlias0 from User as generatedAlias0 */ select user0_.id as id1_4_, user0_.description as descript2_4_, user0_.org_id as org_id7_4_, user0_.password as password3_4_, user0_.phone_number as phone_nu4_4_, user0_.real_name as real_nam5_4_, user0_.username as username6_4_ from user user0_ limit ?
[2019-08-01 21:22:36] DEBUG 134 statementLog - {conn-10005, pstmt-20000} clearParameters. 
[2019-08-01 21:22:36] DEBUG 134 statementLog - {conn-10005, pstmt-20001} created. select roles0_.user_id as user_id1_5_0_, roles0_.role_id as role_id2_5_0_, role1_.id as id1_3_1_, role1_.description as descript2_3_1_, role1_.role_name as role_nam3_3_1_ from user_role roles0_ inner join role role1_ on roles0_.role_id=role1_.id where roles0_.user_id=?
[2019-08-01 21:22:36] DEBUG 134 statementLog - {conn-10005, pstmt-20001} Parameters : [6]
[2019-08-01 21:22:36] DEBUG 134 statementLog - {conn-10005, pstmt-20001} Types : [VARCHAR]
[2019-08-01 21:22:36] DEBUG 134 statementLog - {conn-10005, pstmt-20001, rs-50001} query executed. 169.038306 millis. select roles0_.user_id as user_id1_5_0_, roles0_.role_id as role_id2_5_0_, role1_.id as id1_3_1_, role1_.description as descript2_3_1_, role1_.role_name as role_nam3_3_1_ from user_role roles0_ inner join role role1_ on roles0_.role_id=role1_.id where roles0_.user_id=?
[2019-08-01 21:22:36] DEBUG 134 statementLog - {conn-10005, pstmt-20001} clearParameters. 
[2019-08-01 21:22:36] DEBUG 134 statementLog - {conn-10005, pstmt-20002} created. select users0_.role_id as role_id2_5_0_, users0_.user_id as user_id1_5_0_, user1_.id as id1_4_1_, user1_.description as descript2_4_1_, user1_.org_id as org_id7_4_1_, user1_.password as password3_4_1_, user1_.phone_number as phone_nu4_4_1_, user1_.real_name as real_nam5_4_1_, user1_.username as username6_4_1_ from user_role users0_ inner join user user1_ on users0_.user_id=user1_.id where users0_.role_id=?
[2019-08-01 21:22:36] DEBUG 134 statementLog - {conn-10005, pstmt-20002} Parameters : [3]
[2019-08-01 21:22:36] DEBUG 134 statementLog - {conn-10005, pstmt-20002} Types : [VARCHAR]
[2019-08-01 21:22:36] DEBUG 134 statementLog - {conn-10005, pstmt-20002, rs-50002} query executed. 23.738488 millis. select users0_.role_id as role_id2_5_0_, users0_.user_id as user_id1_5_0_, user1_.id as id1_4_1_, user1_.description as descript2_4_1_, user1_.org_id as org_id7_4_1_, user1_.password as password3_4_1_, user1_.phone_number as phone_nu4_4_1_, user1_.real_name as real_nam5_4_1_, user1_.username as username6_4_1_ from user_role users0_ inner join user user1_ on users0_.user_id=user1_.id where users0_.role_id=?
[2019-08-01 21:22:36] DEBUG 134 statementLog - {conn-10005, pstmt-20002} clearParameters. 
[2019-08-01 21:22:36] DEBUG 134 statementLog - {conn-10005, pstmt-20002} Parameters : [1]
[2019-08-01 21:22:36] DEBUG 134 statementLog - {conn-10005, pstmt-20002} Types : [VARCHAR]
[2019-08-01 21:22:36] DEBUG 134 statementLog - {conn-10005, pstmt-20002, rs-50003} query executed. 1.180912 millis. select users0_.role_id as role_id2_5_0_, users0_.user_id as user_id1_5_0_, user1_.id as id1_4_1_, user1_.description as descript2_4_1_, user1_.org_id as org_id7_4_1_, user1_.password as password3_4_1_, user1_.phone_number as phone_nu4_4_1_, user1_.real_name as real_nam5_4_1_, user1_.username as username6_4_1_ from user_role users0_ inner join user user1_ on users0_.user_id=user1_.id where users0_.role_id=?
[2019-08-01 21:22:36] DEBUG 134 statementLog - {conn-10005, pstmt-20002} clearParameters. 
[2019-08-01 21:22:36] DEBUG 134 statementLog - {conn-10005, pstmt-20001} Parameters : [e5fa715204bc4233aedd9c5c9f818dfd]
[2019-08-01 21:22:36] DEBUG 134 statementLog - {conn-10005, pstmt-20001} Types : [VARCHAR]
[2019-08-01 21:22:36] DEBUG 134 statementLog - {conn-10005, pstmt-20001, rs-50004} query executed. 1.100515 millis. select roles0_.user_id as user_id1_5_0_, roles0_.role_id as role_id2_5_0_, role1_.id as id1_3_1_, role1_.description as descript2_3_1_, role1_.role_name as role_nam3_3_1_ from user_role roles0_ inner join role role1_ on roles0_.role_id=role1_.id where roles0_.user_id=?
[2019-08-01 21:22:36] DEBUG 134 statementLog - {conn-10005, pstmt-20001} clearParameters. 
[2019-08-01 21:22:36] DEBUG 134 statementLog - {conn-10005, pstmt-20001} Parameters : [62ce2d511d7840c693ed7b1a420c461f]
[2019-08-01 21:22:36] DEBUG 134 statementLog - {conn-10005, pstmt-20001} Types : [VARCHAR]
[2019-08-01 21:22:36] DEBUG 134 statementLog - {conn-10005, pstmt-20001, rs-50005} query executed. 0.93126 millis. select roles0_.user_id as user_id1_5_0_, roles0_.role_id as role_id2_5_0_, role1_.id as id1_3_1_, role1_.description as descript2_3_1_, role1_.role_name as role_nam3_3_1_ from user_role roles0_ inner join role role1_ on roles0_.role_id=role1_.id where roles0_.user_id=?
[2019-08-01 21:22:36] DEBUG 134 statementLog - {conn-10005, pstmt-20001} clearParameters. 
[2019-08-01 21:22:36] DEBUG 134 statementLog - {conn-10005, pstmt-20001} Parameters : [6286a5aaf3a24d7f966a3dff94b8c527]
[2019-08-01 21:22:36] DEBUG 134 statementLog - {conn-10005, pstmt-20001} Types : [VARCHAR]
[2019-08-01 21:22:36] DEBUG 134 statementLog - {conn-10005, pstmt-20001, rs-50006} query executed. 0.810665 millis. select roles0_.user_id as user_id1_5_0_, roles0_.role_id as role_id2_5_0_, role1_.id as id1_3_1_, role1_.description as descript2_3_1_, role1_.role_name as role_nam3_3_1_ from user_role roles0_ inner join role role1_ on roles0_.role_id=role1_.id where roles0_.user_id=?
[2019-08-01 21:22:36] DEBUG 134 statementLog - {conn-10005, pstmt-20001} clearParameters. 
[2019-08-01 21:22:36] DEBUG 134 statementLog - {conn-10005, pstmt-20001} Parameters : [5]
[2019-08-01 21:22:36] DEBUG 134 statementLog - {conn-10005, pstmt-20001} Types : [VARCHAR]
[2019-08-01 21:22:36] DEBUG 134 statementLog - {conn-10005, pstmt-20001, rs-50007} query executed. 0.807139 millis. select roles0_.user_id as user_id1_5_0_, roles0_.role_id as role_id2_5_0_, role1_.id as id1_3_1_, role1_.description as descript2_3_1_, role1_.role_name as role_nam3_3_1_ from user_role roles0_ inner join role role1_ on roles0_.role_id=role1_.id where roles0_.user_id=?
[2019-08-01 21:22:36] DEBUG 134 statementLog - {conn-10005, pstmt-20001} clearParameters. 
[2019-08-01 21:22:36] DEBUG 134 statementLog - {conn-10005, pstmt-20002} Parameters : [2]
[2019-08-01 21:22:36] DEBUG 134 statementLog - {conn-10005, pstmt-20002} Types : [VARCHAR]
[2019-08-01 21:22:36] DEBUG 134 statementLog - {conn-10005, pstmt-20002, rs-50008} query executed. 0.662919 millis. select users0_.role_id as role_id2_5_0_, users0_.user_id as user_id1_5_0_, user1_.id as id1_4_1_, user1_.description as descript2_4_1_, user1_.org_id as org_id7_4_1_, user1_.password as password3_4_1_, user1_.phone_number as phone_nu4_4_1_, user1_.real_name as real_nam5_4_1_, user1_.username as username6_4_1_ from user_role users0_ inner join user user1_ on users0_.user_id=user1_.id where users0_.role_id=?
[2019-08-01 21:22:36] DEBUG 134 statementLog - {conn-10005, pstmt-20002} clearParameters. 
[2019-08-01 21:22:36] DEBUG 134 statementLog - {conn-10005, pstmt-20001} Parameters : [431c265a45774bb0bf2a8d71c17de94d]
[2019-08-01 21:22:36] DEBUG 134 statementLog - {conn-10005, pstmt-20001} Types : [VARCHAR]
[2019-08-01 21:22:36] DEBUG 134 statementLog - {conn-10005, pstmt-20001, rs-50009} query executed. 1.020119 millis. select roles0_.user_id as user_id1_5_0_, roles0_.role_id as role_id2_5_0_, role1_.id as id1_3_1_, role1_.description as descript2_3_1_, role1_.role_name as role_nam3_3_1_ from user_role roles0_ inner join role role1_ on roles0_.role_id=role1_.id where roles0_.user_id=?
[2019-08-01 21:22:36] DEBUG 134 statementLog - {conn-10005, pstmt-20001} clearParameters. 
[2019-08-01 21:22:36] DEBUG 134 statementLog - {conn-10005, pstmt-20001} Parameters : [306967ef678a40df9d11d0232e96400d]
[2019-08-01 21:22:36] DEBUG 134 statementLog - {conn-10005, pstmt-20001} Types : [VARCHAR]
[2019-08-01 21:22:36] DEBUG 134 statementLog - {conn-10005, pstmt-20001, rs-50010} query executed. 0.618841 millis. select roles0_.user_id as user_id1_5_0_, roles0_.role_id as role_id2_5_0_, role1_.id as id1_3_1_, role1_.description as descript2_3_1_, role1_.role_name as role_nam3_3_1_ from user_role roles0_ inner join role role1_ on roles0_.role_id=role1_.id where roles0_.user_id=?
[2019-08-01 21:22:36] DEBUG 134 statementLog - {conn-10005, pstmt-20001} clearParameters. 
[2019-08-01 21:22:36] DEBUG 134 statementLog - {conn-10005, pstmt-20001} Parameters : [3]
[2019-08-01 21:22:36] DEBUG 134 statementLog - {conn-10005, pstmt-20001} Types : [VARCHAR]
[2019-08-01 21:22:36] DEBUG 134 statementLog - {conn-10005, pstmt-20001, rs-50011} query executed. 0.768351 millis. select roles0_.user_id as user_id1_5_0_, roles0_.role_id as role_id2_5_0_, role1_.id as id1_3_1_, role1_.description as descript2_3_1_, role1_.role_name as role_nam3_3_1_ from user_role roles0_ inner join role role1_ on roles0_.role_id=role1_.id where roles0_.user_id=?
[2019-08-01 21:22:36] DEBUG 134 statementLog - {conn-10005, pstmt-20001} clearParameters. 
[2019-08-01 21:22:36] DEBUG 134 statementLog - {conn-10005, pstmt-20001} Parameters : [2d3ea61a94984bf5821cacd64d0f7646]
[2019-08-01 21:22:36] DEBUG 134 statementLog - {conn-10005, pstmt-20001} Types : [VARCHAR]
[2019-08-01 21:22:36] DEBUG 134 statementLog - {conn-10005, pstmt-20001, rs-50012} query executed. 0.812428 millis. select roles0_.user_id as user_id1_5_0_, roles0_.role_id as role_id2_5_0_, role1_.id as id1_3_1_, role1_.description as descript2_3_1_, role1_.role_name as role_nam3_3_1_ from user_role roles0_ inner join role role1_ on roles0_.role_id=role1_.id where roles0_.user_id=?
[2019-08-01 21:22:36] DEBUG 134 statementLog - {conn-10005, pstmt-20001} clearParameters. 
[2019-08-01 21:22:36] DEBUG 134 statementLog - {conn-10005, pstmt-20001} Parameters : [2]
[2019-08-01 21:22:36] DEBUG 134 statementLog - {conn-10005, pstmt-20001} Types : [VARCHAR]
[2019-08-01 21:22:36] DEBUG 134 statementLog - {conn-10005, pstmt-20001, rs-50013} query executed. 0.811723 millis. select roles0_.user_id as user_id1_5_0_, roles0_.role_id as role_id2_5_0_, role1_.id as id1_3_1_, role1_.description as descript2_3_1_, role1_.role_name as role_nam3_3_1_ from user_role roles0_ inner join role role1_ on roles0_.role_id=role1_.id where roles0_.user_id=?
[2019-08-01 21:22:36] DEBUG 134 statementLog - {conn-10005, pstmt-20001} clearParameters. 
[2019-08-01 21:22:36] DEBUG 134 statementLog - {conn-10005, pstmt-20001} Parameters : [15a1a7101e6442f88e06053bfd526dcc]
[2019-08-01 21:22:36] DEBUG 134 statementLog - {conn-10005, pstmt-20001} Types : [VARCHAR]
[2019-08-01 21:22:36] DEBUG 134 statementLog - {conn-10005, pstmt-20001, rs-50014} query executed. 0.845221 millis. select roles0_.user_id as user_id1_5_0_, roles0_.role_id as role_id2_5_0_, role1_.id as id1_3_1_, role1_.description as descript2_3_1_, role1_.role_name as role_nam3_3_1_ from user_role roles0_ inner join role role1_ on roles0_.role_id=role1_.id where roles0_.user_id=?
[2019-08-01 21:22:36] DEBUG 134 statementLog - {conn-10005, pstmt-20001} clearParameters. 
[2019-08-01 21:22:36] DEBUG 134 statementLog - {conn-10005, pstmt-20001} Parameters : [14362296f41a4b2792fef82ac2628d22]
[2019-08-01 21:22:36] DEBUG 134 statementLog - {conn-10005, pstmt-20001} Types : [VARCHAR]
[2019-08-01 21:22:36] DEBUG 134 statementLog - {conn-10005, pstmt-20001, rs-50015} query executed. 1.105452 millis. select roles0_.user_id as user_id1_5_0_, roles0_.role_id as role_id2_5_0_, role1_.id as id1_3_1_, role1_.description as descript2_3_1_, role1_.role_name as role_nam3_3_1_ from user_role roles0_ inner join role role1_ on roles0_.role_id=role1_.id where roles0_.user_id=?
[2019-08-01 21:22:36] DEBUG 134 statementLog - {conn-10005, pstmt-20001} clearParameters. 
[2019-08-01 21:22:36] DEBUG 134 statementLog - {conn-10005, pstmt-20001} Parameters : [1]
[2019-08-01 21:22:36] DEBUG 134 statementLog - {conn-10005, pstmt-20001} Types : [VARCHAR]
[2019-08-01 21:22:36] DEBUG 134 statementLog - {conn-10005, pstmt-20001, rs-50016} query executed. 0.837817 millis. select roles0_.user_id as user_id1_5_0_, roles0_.role_id as role_id2_5_0_, role1_.id as id1_3_1_, role1_.description as descript2_3_1_, role1_.role_name as role_nam3_3_1_ from user_role roles0_ inner join role role1_ on roles0_.role_id=role1_.id where roles0_.user_id=?
[2019-08-01 21:22:36] DEBUG 134 statementLog - {conn-10005, pstmt-20001} clearParameters. 
[2019-08-01 21:22:36] DEBUG 134 statementLog - {conn-10005, pstmt-20003} created. /* select count(generatedAlias0) from User as generatedAlias0 */ select count(user0_.id) as col_0_0_ from user user0_
[2019-08-01 21:22:36] DEBUG 134 statementLog - {conn-10005, pstmt-20003} Parameters : []
[2019-08-01 21:22:36] DEBUG 134 statementLog - {conn-10005, pstmt-20003} Types : []
[2019-08-01 21:22:36] DEBUG 134 statementLog - {conn-10005, pstmt-20003, rs-50017} query executed. 48.956908 millis. /* select count(generatedAlias0) from User as generatedAlias0 */ select count(user0_.id) as col_0_0_ from user user0_
[2019-08-01 21:22:36] DEBUG 134 statementLog - {conn-10005, pstmt-20003} clearParameters. 
[2019-08-01 21:22:36] DEBUG 134 statementLog - {conn-10005, pstmt-20004} created. select org0_.id as id1_0_0_, org0_.org_admin as org_admi2_0_0_, org0_.org_code as org_code3_0_0_, org0_.org_name as org_name4_0_0_, org0_.purchase_admin as purchase5_0_0_ from org org0_ where org0_.id=?
[2019-08-01 21:22:36] DEBUG 134 statementLog - {conn-10005, pstmt-20004} Parameters : [1]
[2019-08-01 21:22:36] DEBUG 134 statementLog - {conn-10005, pstmt-20004} Types : [VARCHAR]
[2019-08-01 21:22:36] DEBUG 134 statementLog - {conn-10005, pstmt-20004, rs-50018} query executed. 2.464083 millis. select org0_.id as id1_0_0_, org0_.org_admin as org_admi2_0_0_, org0_.org_code as org_code3_0_0_, org0_.org_name as org_name4_0_0_, org0_.purchase_admin as purchase5_0_0_ from org org0_ where org0_.id=?
[2019-08-01 21:22:36] DEBUG 134 statementLog - {conn-10005, pstmt-20004} clearParameters. 
[2019-08-01 21:22:36] DEBUG 134 statementLog - {conn-10005, pstmt-20004} Parameters : [2]
[2019-08-01 21:22:36] DEBUG 134 statementLog - {conn-10005, pstmt-20004} Types : [VARCHAR]
[2019-08-01 21:22:36] DEBUG 134 statementLog - {conn-10005, pstmt-20004, rs-50019} query executed. 0.958764 millis. select org0_.id as id1_0_0_, org0_.org_admin as org_admi2_0_0_, org0_.org_code as org_code3_0_0_, org0_.org_name as org_name4_0_0_, org0_.purchase_admin as purchase5_0_0_ from org org0_ where org0_.id=?
[2019-08-01 21:22:36] DEBUG 134 statementLog - {conn-10005, pstmt-20004} clearParameters. 
[2019-08-01 21:22:36] DEBUG 134 statementLog - {conn-10005, pstmt-20004} Parameters : [3]
[2019-08-01 21:22:36] DEBUG 134 statementLog - {conn-10005, pstmt-20004} Types : [VARCHAR]
[2019-08-01 21:22:36] DEBUG 134 statementLog - {conn-10005, pstmt-20004, rs-50020} query executed. 0.619547 millis. select org0_.id as id1_0_0_, org0_.org_admin as org_admi2_0_0_, org0_.org_code as org_code3_0_0_, org0_.org_name as org_name4_0_0_, org0_.purchase_admin as purchase5_0_0_ from org org0_ where org0_.id=?
[2019-08-01 21:22:36] DEBUG 134 statementLog - {conn-10005, pstmt-20004} clearParameters. 
[2019-08-01 21:26:39] DEBUG 134 statementLog - {conn-10005, pstmt-20005} created. /* select generatedAlias0 from Org as generatedAlias0 */ select org0_.id as id1_0_, org0_.org_admin as org_admi2_0_, org0_.org_code as org_code3_0_, org0_.org_name as org_name4_0_, org0_.purchase_admin as purchase5_0_ from org org0_ limit ?
[2019-08-01 21:26:39] DEBUG 134 statementLog - {conn-10005, pstmt-20005} Parameters : [10]
[2019-08-01 21:26:39] DEBUG 134 statementLog - {conn-10005, pstmt-20005} Types : [INTEGER]
[2019-08-01 21:26:39] DEBUG 134 statementLog - {conn-10005, pstmt-20005, rs-50021} query executed. 1.583601 millis. /* select generatedAlias0 from Org as generatedAlias0 */ select org0_.id as id1_0_, org0_.org_admin as org_admi2_0_, org0_.org_code as org_code3_0_, org0_.org_name as org_name4_0_, org0_.purchase_admin as purchase5_0_ from org org0_ limit ?
[2019-08-01 21:26:39] DEBUG 134 statementLog - {conn-10005, pstmt-20005} clearParameters. 
[2019-08-01 21:27:00] DEBUG 134 statementLog - {conn-10005, pstmt-20004} Parameters : [1]
[2019-08-01 21:27:00] DEBUG 134 statementLog - {conn-10005, pstmt-20004} Types : [VARCHAR]
[2019-08-01 21:27:00] DEBUG 134 statementLog - {conn-10005, pstmt-20004, rs-50022} query executed. 0.864968 millis. select org0_.id as id1_0_0_, org0_.org_admin as org_admi2_0_0_, org0_.org_code as org_code3_0_0_, org0_.org_name as org_name4_0_0_, org0_.purchase_admin as purchase5_0_0_ from org org0_ where org0_.id=?
[2019-08-01 21:27:00] DEBUG 134 statementLog - {conn-10005, pstmt-20004} clearParameters. 
[2019-08-01 21:27:00] DEBUG 134 statementLog - {conn-10005, pstmt-20006} created. select users0_.org_id as org_id7_4_0_, users0_.id as id1_4_0_, users0_.id as id1_4_1_, users0_.description as descript2_4_1_, users0_.org_id as org_id7_4_1_, users0_.password as password3_4_1_, users0_.phone_number as phone_nu4_4_1_, users0_.real_name as real_nam5_4_1_, users0_.username as username6_4_1_ from user users0_ where users0_.org_id=?
[2019-08-01 21:27:00] DEBUG 134 statementLog - {conn-10005, pstmt-20006} Parameters : [1]
[2019-08-01 21:27:00] DEBUG 134 statementLog - {conn-10005, pstmt-20006} Types : [VARCHAR]
[2019-08-01 21:27:00] DEBUG 134 statementLog - {conn-10005, pstmt-20006, rs-50023} query executed. 0.951359 millis. select users0_.org_id as org_id7_4_0_, users0_.id as id1_4_0_, users0_.id as id1_4_1_, users0_.description as descript2_4_1_, users0_.org_id as org_id7_4_1_, users0_.password as password3_4_1_, users0_.phone_number as phone_nu4_4_1_, users0_.real_name as real_nam5_4_1_, users0_.username as username6_4_1_ from user users0_ where users0_.org_id=?
[2019-08-01 21:27:00] DEBUG 134 statementLog - {conn-10005, pstmt-20006} clearParameters. 
[2019-08-01 21:27:00] DEBUG 134 statementLog - {conn-10005, pstmt-20001} Parameters : [2]
[2019-08-01 21:27:00] DEBUG 134 statementLog - {conn-10005, pstmt-20001} Types : [VARCHAR]
[2019-08-01 21:27:00] DEBUG 134 statementLog - {conn-10005, pstmt-20001, rs-50024} query executed. 0.966874 millis. select roles0_.user_id as user_id1_5_0_, roles0_.role_id as role_id2_5_0_, role1_.id as id1_3_1_, role1_.description as descript2_3_1_, role1_.role_name as role_nam3_3_1_ from user_role roles0_ inner join role role1_ on roles0_.role_id=role1_.id where roles0_.user_id=?
[2019-08-01 21:27:00] DEBUG 134 statementLog - {conn-10005, pstmt-20001} clearParameters. 
[2019-08-01 21:27:00] DEBUG 134 statementLog - {conn-10005, pstmt-20002} Parameters : [3]
[2019-08-01 21:27:00] DEBUG 134 statementLog - {conn-10005, pstmt-20002} Types : [VARCHAR]
[2019-08-01 21:27:00] DEBUG 134 statementLog - {conn-10005, pstmt-20002, rs-50025} query executed. 1.376262 millis. select users0_.role_id as role_id2_5_0_, users0_.user_id as user_id1_5_0_, user1_.id as id1_4_1_, user1_.description as descript2_4_1_, user1_.org_id as org_id7_4_1_, user1_.password as password3_4_1_, user1_.phone_number as phone_nu4_4_1_, user1_.real_name as real_nam5_4_1_, user1_.username as username6_4_1_ from user_role users0_ inner join user user1_ on users0_.user_id=user1_.id where users0_.role_id=?
[2019-08-01 21:27:00] DEBUG 134 statementLog - {conn-10005, pstmt-20002} clearParameters. 
[2019-08-01 21:27:00] DEBUG 134 statementLog - {conn-10005, pstmt-20001} Parameters : [6]
[2019-08-01 21:27:00] DEBUG 134 statementLog - {conn-10005, pstmt-20001} Types : [VARCHAR]
[2019-08-01 21:27:00] DEBUG 134 statementLog - {conn-10005, pstmt-20001, rs-50026} query executed. 0.761651 millis. select roles0_.user_id as user_id1_5_0_, roles0_.role_id as role_id2_5_0_, role1_.id as id1_3_1_, role1_.description as descript2_3_1_, role1_.role_name as role_nam3_3_1_ from user_role roles0_ inner join role role1_ on roles0_.role_id=role1_.id where roles0_.user_id=?
[2019-08-01 21:27:00] DEBUG 134 statementLog - {conn-10005, pstmt-20001} clearParameters. 
[2019-08-01 21:27:00] DEBUG 134 statementLog - {conn-10005, pstmt-20002} Parameters : [1]
[2019-08-01 21:27:00] DEBUG 134 statementLog - {conn-10005, pstmt-20002} Types : [VARCHAR]
[2019-08-01 21:27:00] DEBUG 134 statementLog - {conn-10005, pstmt-20002, rs-50027} query executed. 0.710874 millis. select users0_.role_id as role_id2_5_0_, users0_.user_id as user_id1_5_0_, user1_.id as id1_4_1_, user1_.description as descript2_4_1_, user1_.org_id as org_id7_4_1_, user1_.password as password3_4_1_, user1_.phone_number as phone_nu4_4_1_, user1_.real_name as real_nam5_4_1_, user1_.username as username6_4_1_ from user_role users0_ inner join user user1_ on users0_.user_id=user1_.id where users0_.role_id=?
[2019-08-01 21:27:00] DEBUG 134 statementLog - {conn-10005, pstmt-20002} clearParameters. 
[2019-08-01 21:27:00] DEBUG 134 statementLog - {conn-10004, pstmt-20007} created. /* select generatedAlias0 from User as generatedAlias0 left join generatedAlias0.org as generatedAlias1 where generatedAlias1.id=:param0 */ select user0_.id as id1_4_, user0_.description as descript2_4_, user0_.org_id as org_id7_4_, user0_.password as password3_4_, user0_.phone_number as phone_nu4_4_, user0_.real_name as real_nam5_4_, user0_.username as username6_4_ from user user0_ left outer join org org1_ on user0_.org_id=org1_.id where org1_.id=?
[2019-08-01 21:27:00] DEBUG 134 statementLog - {conn-10004, pstmt-20007} Parameters : [1]
[2019-08-01 21:27:00] DEBUG 134 statementLog - {conn-10004, pstmt-20007} Types : [VARCHAR]
[2019-08-01 21:27:00] DEBUG 134 statementLog - {conn-10005, pstmt-20001} Parameters : [2d3ea61a94984bf5821cacd64d0f7646]
[2019-08-01 21:27:00] DEBUG 134 statementLog - {conn-10005, pstmt-20001} Types : [VARCHAR]
[2019-08-01 21:27:00] DEBUG 134 statementLog - {conn-10005, pstmt-20001, rs-50028} query executed. 0.737321 millis. select roles0_.user_id as user_id1_5_0_, roles0_.role_id as role_id2_5_0_, role1_.id as id1_3_1_, role1_.description as descript2_3_1_, role1_.role_name as role_nam3_3_1_ from user_role roles0_ inner join role role1_ on roles0_.role_id=role1_.id where roles0_.user_id=?
[2019-08-01 21:27:00] DEBUG 134 statementLog - {conn-10005, pstmt-20001} clearParameters. 
[2019-08-01 21:27:00] DEBUG 134 statementLog - {conn-10005, pstmt-20001} Parameters : [306967ef678a40df9d11d0232e96400d]
[2019-08-01 21:27:00] DEBUG 134 statementLog - {conn-10005, pstmt-20001} Types : [VARCHAR]
[2019-08-01 21:27:00] DEBUG 134 statementLog - {conn-10005, pstmt-20001, rs-50029} query executed. 0.718632 millis. select roles0_.user_id as user_id1_5_0_, roles0_.role_id as role_id2_5_0_, role1_.id as id1_3_1_, role1_.description as descript2_3_1_, role1_.role_name as role_nam3_3_1_ from user_role roles0_ inner join role role1_ on roles0_.role_id=role1_.id where roles0_.user_id=?
[2019-08-01 21:27:00] DEBUG 134 statementLog - {conn-10005, pstmt-20001} clearParameters. 
[2019-08-01 21:27:00] DEBUG 134 statementLog - {conn-10005, pstmt-20001} Parameters : [e5fa715204bc4233aedd9c5c9f818dfd]
[2019-08-01 21:27:00] DEBUG 134 statementLog - {conn-10005, pstmt-20001} Types : [VARCHAR]
[2019-08-01 21:27:00] DEBUG 134 statementLog - {conn-10005, pstmt-20001, rs-50030} query executed. 0.555018 millis. select roles0_.user_id as user_id1_5_0_, roles0_.role_id as role_id2_5_0_, role1_.id as id1_3_1_, role1_.description as descript2_3_1_, role1_.role_name as role_nam3_3_1_ from user_role roles0_ inner join role role1_ on roles0_.role_id=role1_.id where roles0_.user_id=?
[2019-08-01 21:27:00] DEBUG 134 statementLog - {conn-10005, pstmt-20001} clearParameters. 
[2019-08-01 21:27:00] DEBUG 134 statementLog - {conn-10005, pstmt-20001} Parameters : [431c265a45774bb0bf2a8d71c17de94d]
[2019-08-01 21:27:00] DEBUG 134 statementLog - {conn-10005, pstmt-20001} Types : [VARCHAR]
[2019-08-01 21:27:00] DEBUG 134 statementLog - {conn-10005, pstmt-20001, rs-50031} query executed. 0.691481 millis. select roles0_.user_id as user_id1_5_0_, roles0_.role_id as role_id2_5_0_, role1_.id as id1_3_1_, role1_.description as descript2_3_1_, role1_.role_name as role_nam3_3_1_ from user_role roles0_ inner join role role1_ on roles0_.role_id=role1_.id where roles0_.user_id=?
[2019-08-01 21:27:00] DEBUG 134 statementLog - {conn-10005, pstmt-20001} clearParameters. 
[2019-08-01 21:27:00] DEBUG 134 statementLog - {conn-10005, pstmt-20001} Parameters : [3]
[2019-08-01 21:27:00] DEBUG 134 statementLog - {conn-10005, pstmt-20001} Types : [VARCHAR]
[2019-08-01 21:27:00] DEBUG 134 statementLog - {conn-10005, pstmt-20001, rs-50032} query executed. 0.843811 millis. select roles0_.user_id as user_id1_5_0_, roles0_.role_id as role_id2_5_0_, role1_.id as id1_3_1_, role1_.description as descript2_3_1_, role1_.role_name as role_nam3_3_1_ from user_role roles0_ inner join role role1_ on roles0_.role_id=role1_.id where roles0_.user_id=?
[2019-08-01 21:27:00] DEBUG 134 statementLog - {conn-10005, pstmt-20001} clearParameters. 
[2019-08-01 21:27:00] DEBUG 134 statementLog - {conn-10005, pstmt-20002} Parameters : [2]
[2019-08-01 21:27:00] DEBUG 134 statementLog - {conn-10005, pstmt-20002} Types : [VARCHAR]
[2019-08-01 21:27:00] DEBUG 134 statementLog - {conn-10005, pstmt-20002, rs-50033} query executed. 0.701354 millis. select users0_.role_id as role_id2_5_0_, users0_.user_id as user_id1_5_0_, user1_.id as id1_4_1_, user1_.description as descript2_4_1_, user1_.org_id as org_id7_4_1_, user1_.password as password3_4_1_, user1_.phone_number as phone_nu4_4_1_, user1_.real_name as real_nam5_4_1_, user1_.username as username6_4_1_ from user_role users0_ inner join user user1_ on users0_.user_id=user1_.id where users0_.role_id=?
[2019-08-01 21:27:00] DEBUG 134 statementLog - {conn-10005, pstmt-20002} clearParameters. 
[2019-08-01 21:27:00] DEBUG 134 statementLog - {conn-10005, pstmt-20001} Parameters : [5]
[2019-08-01 21:27:00] DEBUG 134 statementLog - {conn-10005, pstmt-20001} Types : [VARCHAR]
[2019-08-01 21:27:00] DEBUG 134 statementLog - {conn-10005, pstmt-20001, rs-50034} query executed. 1.076538 millis. select roles0_.user_id as user_id1_5_0_, roles0_.role_id as role_id2_5_0_, role1_.id as id1_3_1_, role1_.description as descript2_3_1_, role1_.role_name as role_nam3_3_1_ from user_role roles0_ inner join role role1_ on roles0_.role_id=role1_.id where roles0_.user_id=?
[2019-08-01 21:27:00] DEBUG 134 statementLog - {conn-10005, pstmt-20001} clearParameters. 
[2019-08-01 21:27:00] DEBUG 134 statementLog - {conn-10005, pstmt-20001} Parameters : [62ce2d511d7840c693ed7b1a420c461f]
[2019-08-01 21:27:00] DEBUG 134 statementLog - {conn-10005, pstmt-20001} Types : [VARCHAR]
[2019-08-01 21:27:00] DEBUG 134 statementLog - {conn-10005, pstmt-20001, rs-50035} query executed. 0.873078 millis. select roles0_.user_id as user_id1_5_0_, roles0_.role_id as role_id2_5_0_, role1_.id as id1_3_1_, role1_.description as descript2_3_1_, role1_.role_name as role_nam3_3_1_ from user_role roles0_ inner join role role1_ on roles0_.role_id=role1_.id where roles0_.user_id=?
[2019-08-01 21:27:00] DEBUG 134 statementLog - {conn-10005, pstmt-20001} clearParameters. 
[2019-08-01 21:27:00] DEBUG 134 statementLog - {conn-10005, pstmt-20001} Parameters : [14362296f41a4b2792fef82ac2628d22]
[2019-08-01 21:27:00] DEBUG 134 statementLog - {conn-10005, pstmt-20001} Types : [VARCHAR]
[2019-08-01 21:27:00] DEBUG 134 statementLog - {conn-10005, pstmt-20001, rs-50036} query executed. 1.413991 millis. select roles0_.user_id as user_id1_5_0_, roles0_.role_id as role_id2_5_0_, role1_.id as id1_3_1_, role1_.description as descript2_3_1_, role1_.role_name as role_nam3_3_1_ from user_role roles0_ inner join role role1_ on roles0_.role_id=role1_.id where roles0_.user_id=?
[2019-08-01 21:27:00] DEBUG 134 statementLog - {conn-10005, pstmt-20001} clearParameters. 
[2019-08-01 21:27:00] DEBUG 134 statementLog - {conn-10005, pstmt-20001} Parameters : [6286a5aaf3a24d7f966a3dff94b8c527]
[2019-08-01 21:27:00] DEBUG 134 statementLog - {conn-10005, pstmt-20001} Types : [VARCHAR]
[2019-08-01 21:27:00] DEBUG 134 statementLog - {conn-10005, pstmt-20001, rs-50037} query executed. 0.735557 millis. select roles0_.user_id as user_id1_5_0_, roles0_.role_id as role_id2_5_0_, role1_.id as id1_3_1_, role1_.description as descript2_3_1_, role1_.role_name as role_nam3_3_1_ from user_role roles0_ inner join role role1_ on roles0_.role_id=role1_.id where roles0_.user_id=?
[2019-08-01 21:27:00] DEBUG 134 statementLog - {conn-10005, pstmt-20001} clearParameters. 
[2019-08-01 21:27:00] DEBUG 134 statementLog - {conn-10005, pstmt-20001} Parameters : [15a1a7101e6442f88e06053bfd526dcc]
[2019-08-01 21:27:00] DEBUG 134 statementLog - {conn-10005, pstmt-20001} Types : [VARCHAR]
[2019-08-01 21:27:00] DEBUG 134 statementLog - {conn-10005, pstmt-20001, rs-50038} query executed. 0.643525 millis. select roles0_.user_id as user_id1_5_0_, roles0_.role_id as role_id2_5_0_, role1_.id as id1_3_1_, role1_.description as descript2_3_1_, role1_.role_name as role_nam3_3_1_ from user_role roles0_ inner join role role1_ on roles0_.role_id=role1_.id where roles0_.user_id=?
[2019-08-01 21:27:00] DEBUG 134 statementLog - {conn-10005, pstmt-20001} clearParameters. 
[2019-08-01 21:27:00] DEBUG 134 statementLog - {conn-10005, pstmt-20001} Parameters : [1]
[2019-08-01 21:27:00] DEBUG 134 statementLog - {conn-10005, pstmt-20001} Types : [VARCHAR]
[2019-08-01 21:27:00] DEBUG 134 statementLog - {conn-10005, pstmt-20001, rs-50039} query executed. 0.88401 millis. select roles0_.user_id as user_id1_5_0_, roles0_.role_id as role_id2_5_0_, role1_.id as id1_3_1_, role1_.description as descript2_3_1_, role1_.role_name as role_nam3_3_1_ from user_role roles0_ inner join role role1_ on roles0_.role_id=role1_.id where roles0_.user_id=?
[2019-08-01 21:27:00] DEBUG 134 statementLog - {conn-10005, pstmt-20001} clearParameters. 
[2019-08-01 21:27:00] DEBUG 134 statementLog - {conn-10004, pstmt-20007, rs-50040} query executed. 43.735011 millis. /* select generatedAlias0 from User as generatedAlias0 left join generatedAlias0.org as generatedAlias1 where generatedAlias1.id=:param0 */ select user0_.id as id1_4_, user0_.description as descript2_4_, user0_.org_id as org_id7_4_, user0_.password as password3_4_, user0_.phone_number as phone_nu4_4_, user0_.real_name as real_nam5_4_, user0_.username as username6_4_ from user user0_ left outer join org org1_ on user0_.org_id=org1_.id where org1_.id=?
[2019-08-01 21:27:00] DEBUG 134 statementLog - {conn-10004, pstmt-20007} clearParameters. 
[2019-08-01 21:27:00] DEBUG 134 statementLog - {conn-10004, pstmt-20008} created. select roles0_.user_id as user_id1_5_0_, roles0_.role_id as role_id2_5_0_, role1_.id as id1_3_1_, role1_.description as descript2_3_1_, role1_.role_name as role_nam3_3_1_ from user_role roles0_ inner join role role1_ on roles0_.role_id=role1_.id where roles0_.user_id=?
[2019-08-01 21:27:00] DEBUG 134 statementLog - {conn-10004, pstmt-20008} Parameters : [2]
[2019-08-01 21:27:00] DEBUG 134 statementLog - {conn-10004, pstmt-20008} Types : [VARCHAR]
[2019-08-01 21:27:00] DEBUG 134 statementLog - {conn-10004, pstmt-20008, rs-50041} query executed. 19.813868 millis. select roles0_.user_id as user_id1_5_0_, roles0_.role_id as role_id2_5_0_, role1_.id as id1_3_1_, role1_.description as descript2_3_1_, role1_.role_name as role_nam3_3_1_ from user_role roles0_ inner join role role1_ on roles0_.role_id=role1_.id where roles0_.user_id=?
[2019-08-01 21:27:00] DEBUG 134 statementLog - {conn-10004, pstmt-20008} clearParameters. 
[2019-08-01 21:27:00] DEBUG 134 statementLog - {conn-10004, pstmt-20009} created. select users0_.role_id as role_id2_5_0_, users0_.user_id as user_id1_5_0_, user1_.id as id1_4_1_, user1_.description as descript2_4_1_, user1_.org_id as org_id7_4_1_, user1_.password as password3_4_1_, user1_.phone_number as phone_nu4_4_1_, user1_.real_name as real_nam5_4_1_, user1_.username as username6_4_1_ from user_role users0_ inner join user user1_ on users0_.user_id=user1_.id where users0_.role_id=?
[2019-08-01 21:27:00] DEBUG 134 statementLog - {conn-10004, pstmt-20009} Parameters : [3]
[2019-08-01 21:27:00] DEBUG 134 statementLog - {conn-10004, pstmt-20009} Types : [VARCHAR]
[2019-08-01 21:27:00] DEBUG 134 statementLog - {conn-10004, pstmt-20009, rs-50042} query executed. 0.937607 millis. select users0_.role_id as role_id2_5_0_, users0_.user_id as user_id1_5_0_, user1_.id as id1_4_1_, user1_.description as descript2_4_1_, user1_.org_id as org_id7_4_1_, user1_.password as password3_4_1_, user1_.phone_number as phone_nu4_4_1_, user1_.real_name as real_nam5_4_1_, user1_.username as username6_4_1_ from user_role users0_ inner join user user1_ on users0_.user_id=user1_.id where users0_.role_id=?
[2019-08-01 21:27:00] DEBUG 134 statementLog - {conn-10004, pstmt-20009} clearParameters. 
[2019-08-01 21:27:00] DEBUG 134 statementLog - {conn-10004, pstmt-20008} Parameters : [6]
[2019-08-01 21:27:00] DEBUG 134 statementLog - {conn-10004, pstmt-20008} Types : [VARCHAR]
[2019-08-01 21:27:00] DEBUG 134 statementLog - {conn-10004, pstmt-20008, rs-50043} query executed. 0.694302 millis. select roles0_.user_id as user_id1_5_0_, roles0_.role_id as role_id2_5_0_, role1_.id as id1_3_1_, role1_.description as descript2_3_1_, role1_.role_name as role_nam3_3_1_ from user_role roles0_ inner join role role1_ on roles0_.role_id=role1_.id where roles0_.user_id=?
[2019-08-01 21:27:00] DEBUG 134 statementLog - {conn-10004, pstmt-20008} clearParameters. 
[2019-08-01 21:27:00] DEBUG 134 statementLog - {conn-10004, pstmt-20009} Parameters : [1]
[2019-08-01 21:27:00] DEBUG 134 statementLog - {conn-10004, pstmt-20009} Types : [VARCHAR]
[2019-08-01 21:27:00] DEBUG 134 statementLog - {conn-10004, pstmt-20009, rs-50044} query executed. 0.638236 millis. select users0_.role_id as role_id2_5_0_, users0_.user_id as user_id1_5_0_, user1_.id as id1_4_1_, user1_.description as descript2_4_1_, user1_.org_id as org_id7_4_1_, user1_.password as password3_4_1_, user1_.phone_number as phone_nu4_4_1_, user1_.real_name as real_nam5_4_1_, user1_.username as username6_4_1_ from user_role users0_ inner join user user1_ on users0_.user_id=user1_.id where users0_.role_id=?
[2019-08-01 21:27:00] DEBUG 134 statementLog - {conn-10004, pstmt-20009} clearParameters. 
[2019-08-01 21:27:00] DEBUG 134 statementLog - {conn-10004, pstmt-20008} Parameters : [2d3ea61a94984bf5821cacd64d0f7646]
[2019-08-01 21:27:00] DEBUG 134 statementLog - {conn-10004, pstmt-20008} Types : [VARCHAR]
[2019-08-01 21:27:00] DEBUG 134 statementLog - {conn-10004, pstmt-20008, rs-50045} query executed. 0.560308 millis. select roles0_.user_id as user_id1_5_0_, roles0_.role_id as role_id2_5_0_, role1_.id as id1_3_1_, role1_.description as descript2_3_1_, role1_.role_name as role_nam3_3_1_ from user_role roles0_ inner join role role1_ on roles0_.role_id=role1_.id where roles0_.user_id=?
[2019-08-01 21:27:00] DEBUG 134 statementLog - {conn-10004, pstmt-20008} clearParameters. 
[2019-08-01 21:27:00] DEBUG 134 statementLog - {conn-10004, pstmt-20008} Parameters : [306967ef678a40df9d11d0232e96400d]
[2019-08-01 21:27:00] DEBUG 134 statementLog - {conn-10004, pstmt-20008} Types : [VARCHAR]
[2019-08-01 21:27:00] DEBUG 134 statementLog - {conn-10004, pstmt-20008, rs-50046} query executed. 0.513762 millis. select roles0_.user_id as user_id1_5_0_, roles0_.role_id as role_id2_5_0_, role1_.id as id1_3_1_, role1_.description as descript2_3_1_, role1_.role_name as role_nam3_3_1_ from user_role roles0_ inner join role role1_ on roles0_.role_id=role1_.id where roles0_.user_id=?
[2019-08-01 21:27:00] DEBUG 134 statementLog - {conn-10004, pstmt-20008} clearParameters. 
[2019-08-01 21:27:00] DEBUG 134 statementLog - {conn-10004, pstmt-20008} Parameters : [e5fa715204bc4233aedd9c5c9f818dfd]
[2019-08-01 21:27:00] DEBUG 134 statementLog - {conn-10004, pstmt-20008} Types : [VARCHAR]
[2019-08-01 21:27:00] DEBUG 134 statementLog - {conn-10004, pstmt-20008, rs-50047} query executed. 0.862147 millis. select roles0_.user_id as user_id1_5_0_, roles0_.role_id as role_id2_5_0_, role1_.id as id1_3_1_, role1_.description as descript2_3_1_, role1_.role_name as role_nam3_3_1_ from user_role roles0_ inner join role role1_ on roles0_.role_id=role1_.id where roles0_.user_id=?
[2019-08-01 21:27:00] DEBUG 134 statementLog - {conn-10004, pstmt-20008} clearParameters. 
[2019-08-01 21:27:00] DEBUG 134 statementLog - {conn-10004, pstmt-20008} Parameters : [431c265a45774bb0bf2a8d71c17de94d]
[2019-08-01 21:27:00] DEBUG 134 statementLog - {conn-10004, pstmt-20008} Types : [VARCHAR]
[2019-08-01 21:27:00] DEBUG 134 statementLog - {conn-10004, pstmt-20008, rs-50048} query executed. 0.600506 millis. select roles0_.user_id as user_id1_5_0_, roles0_.role_id as role_id2_5_0_, role1_.id as id1_3_1_, role1_.description as descript2_3_1_, role1_.role_name as role_nam3_3_1_ from user_role roles0_ inner join role role1_ on roles0_.role_id=role1_.id where roles0_.user_id=?
[2019-08-01 21:27:00] DEBUG 134 statementLog - {conn-10004, pstmt-20008} clearParameters. 
[2019-08-01 21:27:00] DEBUG 134 statementLog - {conn-10004, pstmt-20008} Parameters : [3]
[2019-08-01 21:27:00] DEBUG 134 statementLog - {conn-10004, pstmt-20008} Types : [VARCHAR]
[2019-08-01 21:27:00] DEBUG 134 statementLog - {conn-10004, pstmt-20008, rs-50049} query executed. 0.621663 millis. select roles0_.user_id as user_id1_5_0_, roles0_.role_id as role_id2_5_0_, role1_.id as id1_3_1_, role1_.description as descript2_3_1_, role1_.role_name as role_nam3_3_1_ from user_role roles0_ inner join role role1_ on roles0_.role_id=role1_.id where roles0_.user_id=?
[2019-08-01 21:27:00] DEBUG 134 statementLog - {conn-10004, pstmt-20008} clearParameters. 
[2019-08-01 21:27:00] DEBUG 134 statementLog - {conn-10004, pstmt-20009} Parameters : [2]
[2019-08-01 21:27:00] DEBUG 134 statementLog - {conn-10004, pstmt-20009} Types : [VARCHAR]
[2019-08-01 21:27:00] DEBUG 134 statementLog - {conn-10004, pstmt-20009, rs-50050} query executed. 0.679845 millis. select users0_.role_id as role_id2_5_0_, users0_.user_id as user_id1_5_0_, user1_.id as id1_4_1_, user1_.description as descript2_4_1_, user1_.org_id as org_id7_4_1_, user1_.password as password3_4_1_, user1_.phone_number as phone_nu4_4_1_, user1_.real_name as real_nam5_4_1_, user1_.username as username6_4_1_ from user_role users0_ inner join user user1_ on users0_.user_id=user1_.id where users0_.role_id=?
[2019-08-01 21:27:00] DEBUG 134 statementLog - {conn-10004, pstmt-20009} clearParameters. 
[2019-08-01 21:27:00] DEBUG 134 statementLog - {conn-10004, pstmt-20008} Parameters : [5]
[2019-08-01 21:27:00] DEBUG 134 statementLog - {conn-10004, pstmt-20008} Types : [VARCHAR]
[2019-08-01 21:27:00] DEBUG 134 statementLog - {conn-10004, pstmt-20008, rs-50051} query executed. 0.616373 millis. select roles0_.user_id as user_id1_5_0_, roles0_.role_id as role_id2_5_0_, role1_.id as id1_3_1_, role1_.description as descript2_3_1_, role1_.role_name as role_nam3_3_1_ from user_role roles0_ inner join role role1_ on roles0_.role_id=role1_.id where roles0_.user_id=?
[2019-08-01 21:27:00] DEBUG 134 statementLog - {conn-10004, pstmt-20008} clearParameters. 
[2019-08-01 21:27:00] DEBUG 134 statementLog - {conn-10004, pstmt-20008} Parameters : [62ce2d511d7840c693ed7b1a420c461f]
[2019-08-01 21:27:00] DEBUG 134 statementLog - {conn-10004, pstmt-20008} Types : [VARCHAR]
[2019-08-01 21:27:00] DEBUG 134 statementLog - {conn-10004, pstmt-20008, rs-50052} query executed. 0.599096 millis. select roles0_.user_id as user_id1_5_0_, roles0_.role_id as role_id2_5_0_, role1_.id as id1_3_1_, role1_.description as descript2_3_1_, role1_.role_name as role_nam3_3_1_ from user_role roles0_ inner join role role1_ on roles0_.role_id=role1_.id where roles0_.user_id=?
[2019-08-01 21:27:00] DEBUG 134 statementLog - {conn-10004, pstmt-20008} clearParameters. 
[2019-08-01 21:27:00] DEBUG 134 statementLog - {conn-10004, pstmt-20008} Parameters : [14362296f41a4b2792fef82ac2628d22]
[2019-08-01 21:27:00] DEBUG 134 statementLog - {conn-10004, pstmt-20008} Types : [VARCHAR]
[2019-08-01 21:27:00] DEBUG 134 statementLog - {conn-10004, pstmt-20008, rs-50053} query executed. 0.826181 millis. select roles0_.user_id as user_id1_5_0_, roles0_.role_id as role_id2_5_0_, role1_.id as id1_3_1_, role1_.description as descript2_3_1_, role1_.role_name as role_nam3_3_1_ from user_role roles0_ inner join role role1_ on roles0_.role_id=role1_.id where roles0_.user_id=?
[2019-08-01 21:27:00] DEBUG 134 statementLog - {conn-10004, pstmt-20008} clearParameters. 
[2019-08-01 21:27:00] DEBUG 134 statementLog - {conn-10004, pstmt-20008} Parameters : [6286a5aaf3a24d7f966a3dff94b8c527]
[2019-08-01 21:27:00] DEBUG 134 statementLog - {conn-10004, pstmt-20008} Types : [VARCHAR]
[2019-08-01 21:27:00] DEBUG 134 statementLog - {conn-10004, pstmt-20008, rs-50054} query executed. 0.624837 millis. select roles0_.user_id as user_id1_5_0_, roles0_.role_id as role_id2_5_0_, role1_.id as id1_3_1_, role1_.description as descript2_3_1_, role1_.role_name as role_nam3_3_1_ from user_role roles0_ inner join role role1_ on roles0_.role_id=role1_.id where roles0_.user_id=?
[2019-08-01 21:27:00] DEBUG 134 statementLog - {conn-10004, pstmt-20008} clearParameters. 
[2019-08-01 21:27:00] DEBUG 134 statementLog - {conn-10004, pstmt-20008} Parameters : [15a1a7101e6442f88e06053bfd526dcc]
[2019-08-01 21:27:00] DEBUG 134 statementLog - {conn-10004, pstmt-20008} Types : [VARCHAR]
[2019-08-01 21:27:00] DEBUG 134 statementLog - {conn-10004, pstmt-20008, rs-50055} query executed. 0.592748 millis. select roles0_.user_id as user_id1_5_0_, roles0_.role_id as role_id2_5_0_, role1_.id as id1_3_1_, role1_.description as descript2_3_1_, role1_.role_name as role_nam3_3_1_ from user_role roles0_ inner join role role1_ on roles0_.role_id=role1_.id where roles0_.user_id=?
[2019-08-01 21:27:00] DEBUG 134 statementLog - {conn-10004, pstmt-20008} clearParameters. 
[2019-08-01 21:27:00] DEBUG 134 statementLog - {conn-10004, pstmt-20008} Parameters : [1]
[2019-08-01 21:27:00] DEBUG 134 statementLog - {conn-10004, pstmt-20008} Types : [VARCHAR]
[2019-08-01 21:27:00] DEBUG 134 statementLog - {conn-10004, pstmt-20008, rs-50056} query executed. 0.554313 millis. select roles0_.user_id as user_id1_5_0_, roles0_.role_id as role_id2_5_0_, role1_.id as id1_3_1_, role1_.description as descript2_3_1_, role1_.role_name as role_nam3_3_1_ from user_role roles0_ inner join role role1_ on roles0_.role_id=role1_.id where roles0_.user_id=?
[2019-08-01 21:27:00] DEBUG 134 statementLog - {conn-10004, pstmt-20008} clearParameters. 
[2019-08-01 21:27:00] DEBUG 134 statementLog - {conn-10004, pstmt-20010} created. select org0_.id as id1_0_0_, org0_.org_admin as org_admi2_0_0_, org0_.org_code as org_code3_0_0_, org0_.org_name as org_name4_0_0_, org0_.purchase_admin as purchase5_0_0_ from org org0_ where org0_.id=?
[2019-08-01 21:27:00] DEBUG 134 statementLog - {conn-10004, pstmt-20010} Parameters : [1]
[2019-08-01 21:27:00] DEBUG 134 statementLog - {conn-10004, pstmt-20010} Types : [VARCHAR]
[2019-08-01 21:27:00] DEBUG 134 statementLog - {conn-10004, pstmt-20010, rs-50057} query executed. 0.468274 millis. select org0_.id as id1_0_0_, org0_.org_admin as org_admi2_0_0_, org0_.org_code as org_code3_0_0_, org0_.org_name as org_name4_0_0_, org0_.purchase_admin as purchase5_0_0_ from org org0_ where org0_.id=?
[2019-08-01 21:27:00] DEBUG 134 statementLog - {conn-10004, pstmt-20010} clearParameters. 
[2019-08-01 21:27:00] DEBUG 134 statementLog - {conn-10004, pstmt-20011} created. select users0_.org_id as org_id7_4_0_, users0_.id as id1_4_0_, users0_.id as id1_4_1_, users0_.description as descript2_4_1_, users0_.org_id as org_id7_4_1_, users0_.password as password3_4_1_, users0_.phone_number as phone_nu4_4_1_, users0_.real_name as real_nam5_4_1_, users0_.username as username6_4_1_ from user users0_ where users0_.org_id=?
[2019-08-01 21:27:00] DEBUG 134 statementLog - {conn-10004, pstmt-20011} Parameters : [1]
[2019-08-01 21:27:00] DEBUG 134 statementLog - {conn-10004, pstmt-20011} Types : [VARCHAR]
[2019-08-01 21:27:00] DEBUG 134 statementLog - {conn-10004, pstmt-20011, rs-50058} query executed. 0.65093 millis. select users0_.org_id as org_id7_4_0_, users0_.id as id1_4_0_, users0_.id as id1_4_1_, users0_.description as descript2_4_1_, users0_.org_id as org_id7_4_1_, users0_.password as password3_4_1_, users0_.phone_number as phone_nu4_4_1_, users0_.real_name as real_nam5_4_1_, users0_.username as username6_4_1_ from user users0_ where users0_.org_id=?
[2019-08-01 21:27:00] DEBUG 134 statementLog - {conn-10004, pstmt-20011} clearParameters. 
[2019-08-01 21:27:42] DEBUG 134 statementLog - {conn-10004, pstmt-20012} created. /* select generatedAlias0 from Org as generatedAlias0 */ select org0_.id as id1_0_, org0_.org_admin as org_admi2_0_, org0_.org_code as org_code3_0_, org0_.org_name as org_name4_0_, org0_.purchase_admin as purchase5_0_ from org org0_ limit ?
[2019-08-01 21:27:42] DEBUG 134 statementLog - {conn-10004, pstmt-20012} Parameters : [10]
[2019-08-01 21:27:42] DEBUG 134 statementLog - {conn-10004, pstmt-20012} Types : [INTEGER]
[2019-08-01 21:27:42] DEBUG 134 statementLog - {conn-10004, pstmt-20012, rs-50059} query executed. 0.697122 millis. /* select generatedAlias0 from Org as generatedAlias0 */ select org0_.id as id1_0_, org0_.org_admin as org_admi2_0_, org0_.org_code as org_code3_0_, org0_.org_name as org_name4_0_, org0_.purchase_admin as purchase5_0_ from org org0_ limit ?
[2019-08-01 21:27:42] DEBUG 134 statementLog - {conn-10004, pstmt-20012} clearParameters. 
[2019-08-01 21:27:44] DEBUG 134 statementLog - {conn-10004, pstmt-20010} Parameters : [2]
[2019-08-01 21:27:44] DEBUG 134 statementLog - {conn-10004, pstmt-20010} Types : [VARCHAR]
[2019-08-01 21:27:44] DEBUG 134 statementLog - {conn-10004, pstmt-20010, rs-50060} query executed. 0.945012 millis. select org0_.id as id1_0_0_, org0_.org_admin as org_admi2_0_0_, org0_.org_code as org_code3_0_0_, org0_.org_name as org_name4_0_0_, org0_.purchase_admin as purchase5_0_0_ from org org0_ where org0_.id=?
[2019-08-01 21:27:44] DEBUG 134 statementLog - {conn-10004, pstmt-20010} clearParameters. 
[2019-08-01 21:27:44] DEBUG 134 statementLog - {conn-10004, pstmt-20011} Parameters : [2]
[2019-08-01 21:27:44] DEBUG 134 statementLog - {conn-10004, pstmt-20011} Types : [VARCHAR]
[2019-08-01 21:27:44] DEBUG 134 statementLog - {conn-10004, pstmt-20011, rs-50061} query executed. 0.755304 millis. select users0_.org_id as org_id7_4_0_, users0_.id as id1_4_0_, users0_.id as id1_4_1_, users0_.description as descript2_4_1_, users0_.org_id as org_id7_4_1_, users0_.password as password3_4_1_, users0_.phone_number as phone_nu4_4_1_, users0_.real_name as real_nam5_4_1_, users0_.username as username6_4_1_ from user users0_ where users0_.org_id=?
[2019-08-01 21:27:44] DEBUG 134 statementLog - {conn-10004, pstmt-20011} clearParameters. 
[2019-08-01 21:27:44] DEBUG 134 statementLog - {conn-10004, pstmt-20008} Parameters : [e5fa715204bc4233aedd9c5c9f818dfd]
[2019-08-01 21:27:44] DEBUG 134 statementLog - {conn-10004, pstmt-20008} Types : [VARCHAR]
[2019-08-01 21:27:44] DEBUG 134 statementLog - {conn-10004, pstmt-20008, rs-50062} query executed. 1.112152 millis. select roles0_.user_id as user_id1_5_0_, roles0_.role_id as role_id2_5_0_, role1_.id as id1_3_1_, role1_.description as descript2_3_1_, role1_.role_name as role_nam3_3_1_ from user_role roles0_ inner join role role1_ on roles0_.role_id=role1_.id where roles0_.user_id=?
[2019-08-01 21:27:44] DEBUG 134 statementLog - {conn-10004, pstmt-20008} clearParameters. 
[2019-08-01 21:27:44] DEBUG 134 statementLog - {conn-10004, pstmt-20009} Parameters : [1]
[2019-08-01 21:27:44] DEBUG 134 statementLog - {conn-10004, pstmt-20009} Types : [VARCHAR]
[2019-08-01 21:27:44] DEBUG 134 statementLog - {conn-10004, pstmt-20009, rs-50063} query executed. 0.703822 millis. select users0_.role_id as role_id2_5_0_, users0_.user_id as user_id1_5_0_, user1_.id as id1_4_1_, user1_.description as descript2_4_1_, user1_.org_id as org_id7_4_1_, user1_.password as password3_4_1_, user1_.phone_number as phone_nu4_4_1_, user1_.real_name as real_nam5_4_1_, user1_.username as username6_4_1_ from user_role users0_ inner join user user1_ on users0_.user_id=user1_.id where users0_.role_id=?
[2019-08-01 21:27:44] DEBUG 134 statementLog - {conn-10004, pstmt-20009} clearParameters. 
[2019-08-01 21:27:44] DEBUG 134 statementLog - {conn-10004, pstmt-20008} Parameters : [15a1a7101e6442f88e06053bfd526dcc]
[2019-08-01 21:27:44] DEBUG 134 statementLog - {conn-10004, pstmt-20008} Types : [VARCHAR]
[2019-08-01 21:27:44] DEBUG 134 statementLog - {conn-10004, pstmt-20008, rs-50064} query executed. 0.635415 millis. select roles0_.user_id as user_id1_5_0_, roles0_.role_id as role_id2_5_0_, role1_.id as id1_3_1_, role1_.description as descript2_3_1_, role1_.role_name as role_nam3_3_1_ from user_role roles0_ inner join role role1_ on roles0_.role_id=role1_.id where roles0_.user_id=?
[2019-08-01 21:27:44] DEBUG 134 statementLog - {conn-10004, pstmt-20008} clearParameters. 
[2019-08-01 21:27:44] DEBUG 134 statementLog - {conn-10004, pstmt-20008} Parameters : [1]
[2019-08-01 21:27:44] DEBUG 134 statementLog - {conn-10004, pstmt-20008} Types : [VARCHAR]
[2019-08-01 21:27:44] DEBUG 134 statementLog - {conn-10004, pstmt-20008, rs-50065} query executed. 0.569476 millis. select roles0_.user_id as user_id1_5_0_, roles0_.role_id as role_id2_5_0_, role1_.id as id1_3_1_, role1_.description as descript2_3_1_, role1_.role_name as role_nam3_3_1_ from user_role roles0_ inner join role role1_ on roles0_.role_id=role1_.id where roles0_.user_id=?
[2019-08-01 21:27:44] DEBUG 134 statementLog - {conn-10004, pstmt-20008} clearParameters. 
[2019-08-01 21:27:44] DEBUG 134 statementLog - {conn-10004, pstmt-20009} Parameters : [2]
[2019-08-01 21:27:44] DEBUG 134 statementLog - {conn-10004, pstmt-20009} Types : [VARCHAR]
[2019-08-01 21:27:44] DEBUG 134 statementLog - {conn-10004, pstmt-20009, rs-50066} query executed. 0.680197 millis. select users0_.role_id as role_id2_5_0_, users0_.user_id as user_id1_5_0_, user1_.id as id1_4_1_, user1_.description as descript2_4_1_, user1_.org_id as org_id7_4_1_, user1_.password as password3_4_1_, user1_.phone_number as phone_nu4_4_1_, user1_.real_name as real_nam5_4_1_, user1_.username as username6_4_1_ from user_role users0_ inner join user user1_ on users0_.user_id=user1_.id where users0_.role_id=?
[2019-08-01 21:27:44] DEBUG 134 statementLog - {conn-10004, pstmt-20009} clearParameters. 
[2019-08-01 21:27:44] DEBUG 134 statementLog - {conn-10004, pstmt-20008} Parameters : [2]
[2019-08-01 21:27:44] DEBUG 134 statementLog - {conn-10004, pstmt-20008} Types : [VARCHAR]
[2019-08-01 21:27:44] DEBUG 134 statementLog - {conn-10004, pstmt-20008, rs-50067} query executed. 0.533861 millis. select roles0_.user_id as user_id1_5_0_, roles0_.role_id as role_id2_5_0_, role1_.id as id1_3_1_, role1_.description as descript2_3_1_, role1_.role_name as role_nam3_3_1_ from user_role roles0_ inner join role role1_ on roles0_.role_id=role1_.id where roles0_.user_id=?
[2019-08-01 21:27:44] DEBUG 134 statementLog - {conn-10004, pstmt-20008} clearParameters. 
[2019-08-01 21:27:44] DEBUG 134 statementLog - {conn-10004, pstmt-20009} Parameters : [3]
[2019-08-01 21:27:44] DEBUG 134 statementLog - {conn-10004, pstmt-20009} Types : [VARCHAR]
[2019-08-01 21:27:44] DEBUG 134 statementLog - {conn-10004, pstmt-20009, rs-50068} query executed. 1.429507 millis. select users0_.role_id as role_id2_5_0_, users0_.user_id as user_id1_5_0_, user1_.id as id1_4_1_, user1_.description as descript2_4_1_, user1_.org_id as org_id7_4_1_, user1_.password as password3_4_1_, user1_.phone_number as phone_nu4_4_1_, user1_.real_name as real_nam5_4_1_, user1_.username as username6_4_1_ from user_role users0_ inner join user user1_ on users0_.user_id=user1_.id where users0_.role_id=?
[2019-08-01 21:27:44] DEBUG 134 statementLog - {conn-10004, pstmt-20009} clearParameters. 
[2019-08-01 21:27:44] DEBUG 134 statementLog - {conn-10004, pstmt-20008} Parameters : [6]
[2019-08-01 21:27:44] DEBUG 134 statementLog - {conn-10004, pstmt-20008} Types : [VARCHAR]
[2019-08-01 21:27:44] DEBUG 134 statementLog - {conn-10004, pstmt-20008, rs-50069} query executed. 0.636472 millis. select roles0_.user_id as user_id1_5_0_, roles0_.role_id as role_id2_5_0_, role1_.id as id1_3_1_, role1_.description as descript2_3_1_, role1_.role_name as role_nam3_3_1_ from user_role roles0_ inner join role role1_ on roles0_.role_id=role1_.id where roles0_.user_id=?
[2019-08-01 21:27:44] DEBUG 134 statementLog - {conn-10004, pstmt-20008} clearParameters. 
[2019-08-01 21:27:44] DEBUG 134 statementLog - {conn-10004, pstmt-20008} Parameters : [5]
[2019-08-01 21:27:44] DEBUG 134 statementLog - {conn-10004, pstmt-20008} Types : [VARCHAR]
[2019-08-01 21:27:44] DEBUG 134 statementLog - {conn-10004, pstmt-20008, rs-50070} query executed. 0.587812 millis. select roles0_.user_id as user_id1_5_0_, roles0_.role_id as role_id2_5_0_, role1_.id as id1_3_1_, role1_.description as descript2_3_1_, role1_.role_name as role_nam3_3_1_ from user_role roles0_ inner join role role1_ on roles0_.role_id=role1_.id where roles0_.user_id=?
[2019-08-01 21:27:44] DEBUG 134 statementLog - {conn-10004, pstmt-20008} clearParameters. 
[2019-08-01 21:27:44] DEBUG 134 statementLog - {conn-10004, pstmt-20008} Parameters : [62ce2d511d7840c693ed7b1a420c461f]
[2019-08-01 21:27:44] DEBUG 134 statementLog - {conn-10004, pstmt-20008} Types : [VARCHAR]
[2019-08-01 21:27:44] DEBUG 134 statementLog - {conn-10004, pstmt-20008, rs-50071} query executed. 0.538093 millis. select roles0_.user_id as user_id1_5_0_, roles0_.role_id as role_id2_5_0_, role1_.id as id1_3_1_, role1_.description as descript2_3_1_, role1_.role_name as role_nam3_3_1_ from user_role roles0_ inner join role role1_ on roles0_.role_id=role1_.id where roles0_.user_id=?
[2019-08-01 21:27:44] DEBUG 134 statementLog - {conn-10004, pstmt-20008} clearParameters. 
[2019-08-01 21:27:44] DEBUG 134 statementLog - {conn-10004, pstmt-20008} Parameters : [6286a5aaf3a24d7f966a3dff94b8c527]
[2019-08-01 21:27:44] DEBUG 134 statementLog - {conn-10004, pstmt-20008} Types : [VARCHAR]
[2019-08-01 21:27:44] DEBUG 134 statementLog - {conn-10004, pstmt-20008, rs-50072} query executed. 0.723569 millis. select roles0_.user_id as user_id1_5_0_, roles0_.role_id as role_id2_5_0_, role1_.id as id1_3_1_, role1_.description as descript2_3_1_, role1_.role_name as role_nam3_3_1_ from user_role roles0_ inner join role role1_ on roles0_.role_id=role1_.id where roles0_.user_id=?
[2019-08-01 21:27:44] DEBUG 134 statementLog - {conn-10004, pstmt-20008} clearParameters. 
[2019-08-01 21:27:44] DEBUG 134 statementLog - {conn-10004, pstmt-20008} Parameters : [431c265a45774bb0bf2a8d71c17de94d]
[2019-08-01 21:27:44] DEBUG 134 statementLog - {conn-10004, pstmt-20008} Types : [VARCHAR]
[2019-08-01 21:27:44] DEBUG 134 statementLog - {conn-10004, pstmt-20008, rs-50073} query executed. 0.700296 millis. select roles0_.user_id as user_id1_5_0_, roles0_.role_id as role_id2_5_0_, role1_.id as id1_3_1_, role1_.description as descript2_3_1_, role1_.role_name as role_nam3_3_1_ from user_role roles0_ inner join role role1_ on roles0_.role_id=role1_.id where roles0_.user_id=?
[2019-08-01 21:27:44] DEBUG 134 statementLog - {conn-10004, pstmt-20008} clearParameters. 
[2019-08-01 21:27:44] DEBUG 134 statementLog - {conn-10004, pstmt-20008} Parameters : [306967ef678a40df9d11d0232e96400d]
[2019-08-01 21:27:44] DEBUG 134 statementLog - {conn-10004, pstmt-20008} Types : [VARCHAR]
[2019-08-01 21:27:44] DEBUG 134 statementLog - {conn-10004, pstmt-20008, rs-50074} query executed. 0.612494 millis. select roles0_.user_id as user_id1_5_0_, roles0_.role_id as role_id2_5_0_, role1_.id as id1_3_1_, role1_.description as descript2_3_1_, role1_.role_name as role_nam3_3_1_ from user_role roles0_ inner join role role1_ on roles0_.role_id=role1_.id where roles0_.user_id=?
[2019-08-01 21:27:44] DEBUG 134 statementLog - {conn-10004, pstmt-20008} clearParameters. 
[2019-08-01 21:27:44] DEBUG 134 statementLog - {conn-10004, pstmt-20008} Parameters : [3]
[2019-08-01 21:27:44] DEBUG 134 statementLog - {conn-10004, pstmt-20008} Types : [VARCHAR]
[2019-08-01 21:27:44] DEBUG 134 statementLog - {conn-10004, pstmt-20008, rs-50075} query executed. 0.776814 millis. select roles0_.user_id as user_id1_5_0_, roles0_.role_id as role_id2_5_0_, role1_.id as id1_3_1_, role1_.description as descript2_3_1_, role1_.role_name as role_nam3_3_1_ from user_role roles0_ inner join role role1_ on roles0_.role_id=role1_.id where roles0_.user_id=?
[2019-08-01 21:27:44] DEBUG 134 statementLog - {conn-10004, pstmt-20008} clearParameters. 
[2019-08-01 21:27:44] DEBUG 134 statementLog - {conn-10004, pstmt-20008} Parameters : [2d3ea61a94984bf5821cacd64d0f7646]
[2019-08-01 21:27:44] DEBUG 134 statementLog - {conn-10004, pstmt-20008} Types : [VARCHAR]
[2019-08-01 21:27:44] DEBUG 134 statementLog - {conn-10004, pstmt-20008, rs-50076} query executed. 0.561718 millis. select roles0_.user_id as user_id1_5_0_, roles0_.role_id as role_id2_5_0_, role1_.id as id1_3_1_, role1_.description as descript2_3_1_, role1_.role_name as role_nam3_3_1_ from user_role roles0_ inner join role role1_ on roles0_.role_id=role1_.id where roles0_.user_id=?
[2019-08-01 21:27:44] DEBUG 134 statementLog - {conn-10004, pstmt-20008} clearParameters. 
[2019-08-01 21:27:44] DEBUG 134 statementLog - {conn-10004, pstmt-20008} Parameters : [14362296f41a4b2792fef82ac2628d22]
[2019-08-01 21:27:44] DEBUG 134 statementLog - {conn-10004, pstmt-20008} Types : [VARCHAR]
[2019-08-01 21:27:44] DEBUG 134 statementLog - {conn-10004, pstmt-20008, rs-50077} query executed. 0.661508 millis. select roles0_.user_id as user_id1_5_0_, roles0_.role_id as role_id2_5_0_, role1_.id as id1_3_1_, role1_.description as descript2_3_1_, role1_.role_name as role_nam3_3_1_ from user_role roles0_ inner join role role1_ on roles0_.role_id=role1_.id where roles0_.user_id=?
[2019-08-01 21:27:44] DEBUG 134 statementLog - {conn-10004, pstmt-20008} clearParameters. 
[2019-08-01 21:27:44] DEBUG 134 statementLog - {conn-10004, pstmt-20007} Parameters : [2]
[2019-08-01 21:27:44] DEBUG 134 statementLog - {conn-10004, pstmt-20007} Types : [VARCHAR]
[2019-08-01 21:27:44] DEBUG 134 statementLog - {conn-10004, pstmt-20007, rs-50078} query executed. 0.829001 millis. /* select generatedAlias0 from User as generatedAlias0 left join generatedAlias0.org as generatedAlias1 where generatedAlias1.id=:param0 */ select user0_.id as id1_4_, user0_.description as descript2_4_, user0_.org_id as org_id7_4_, user0_.password as password3_4_, user0_.phone_number as phone_nu4_4_, user0_.real_name as real_nam5_4_, user0_.username as username6_4_ from user user0_ left outer join org org1_ on user0_.org_id=org1_.id where org1_.id=?
[2019-08-01 21:27:44] DEBUG 134 statementLog - {conn-10004, pstmt-20007} clearParameters. 
[2019-08-01 21:27:44] DEBUG 134 statementLog - {conn-10004, pstmt-20008} Parameters : [e5fa715204bc4233aedd9c5c9f818dfd]
[2019-08-01 21:27:44] DEBUG 134 statementLog - {conn-10004, pstmt-20008} Types : [VARCHAR]
[2019-08-01 21:27:44] DEBUG 134 statementLog - {conn-10004, pstmt-20008, rs-50079} query executed. 0.985916 millis. select roles0_.user_id as user_id1_5_0_, roles0_.role_id as role_id2_5_0_, role1_.id as id1_3_1_, role1_.description as descript2_3_1_, role1_.role_name as role_nam3_3_1_ from user_role roles0_ inner join role role1_ on roles0_.role_id=role1_.id where roles0_.user_id=?
[2019-08-01 21:27:44] DEBUG 134 statementLog - {conn-10004, pstmt-20008} clearParameters. 
[2019-08-01 21:27:44] DEBUG 134 statementLog - {conn-10004, pstmt-20009} Parameters : [1]
[2019-08-01 21:27:44] DEBUG 134 statementLog - {conn-10004, pstmt-20009} Types : [VARCHAR]
[2019-08-01 21:27:44] DEBUG 134 statementLog - {conn-10004, pstmt-20009, rs-50080} query executed. 0.789156 millis. select users0_.role_id as role_id2_5_0_, users0_.user_id as user_id1_5_0_, user1_.id as id1_4_1_, user1_.description as descript2_4_1_, user1_.org_id as org_id7_4_1_, user1_.password as password3_4_1_, user1_.phone_number as phone_nu4_4_1_, user1_.real_name as real_nam5_4_1_, user1_.username as username6_4_1_ from user_role users0_ inner join user user1_ on users0_.user_id=user1_.id where users0_.role_id=?
[2019-08-01 21:27:44] DEBUG 134 statementLog - {conn-10004, pstmt-20009} clearParameters. 
[2019-08-01 21:27:44] DEBUG 134 statementLog - {conn-10004, pstmt-20008} Parameters : [15a1a7101e6442f88e06053bfd526dcc]
[2019-08-01 21:27:44] DEBUG 134 statementLog - {conn-10004, pstmt-20008} Types : [VARCHAR]
[2019-08-01 21:27:44] DEBUG 134 statementLog - {conn-10004, pstmt-20008, rs-50081} query executed. 0.704175 millis. select roles0_.user_id as user_id1_5_0_, roles0_.role_id as role_id2_5_0_, role1_.id as id1_3_1_, role1_.description as descript2_3_1_, role1_.role_name as role_nam3_3_1_ from user_role roles0_ inner join role role1_ on roles0_.role_id=role1_.id where roles0_.user_id=?
[2019-08-01 21:27:44] DEBUG 134 statementLog - {conn-10004, pstmt-20008} clearParameters. 
[2019-08-01 21:27:44] DEBUG 134 statementLog - {conn-10004, pstmt-20008} Parameters : [1]
[2019-08-01 21:27:44] DEBUG 134 statementLog - {conn-10004, pstmt-20008} Types : [VARCHAR]
[2019-08-01 21:27:44] DEBUG 134 statementLog - {conn-10004, pstmt-20008, rs-50082} query executed. 0.943249 millis. select roles0_.user_id as user_id1_5_0_, roles0_.role_id as role_id2_5_0_, role1_.id as id1_3_1_, role1_.description as descript2_3_1_, role1_.role_name as role_nam3_3_1_ from user_role roles0_ inner join role role1_ on roles0_.role_id=role1_.id where roles0_.user_id=?
[2019-08-01 21:27:44] DEBUG 134 statementLog - {conn-10004, pstmt-20008} clearParameters. 
[2019-08-01 21:27:44] DEBUG 134 statementLog - {conn-10004, pstmt-20009} Parameters : [2]
[2019-08-01 21:27:44] DEBUG 134 statementLog - {conn-10004, pstmt-20009} Types : [VARCHAR]
[2019-08-01 21:27:44] DEBUG 134 statementLog - {conn-10004, pstmt-20009, rs-50083} query executed. 0.706996 millis. select users0_.role_id as role_id2_5_0_, users0_.user_id as user_id1_5_0_, user1_.id as id1_4_1_, user1_.description as descript2_4_1_, user1_.org_id as org_id7_4_1_, user1_.password as password3_4_1_, user1_.phone_number as phone_nu4_4_1_, user1_.real_name as real_nam5_4_1_, user1_.username as username6_4_1_ from user_role users0_ inner join user user1_ on users0_.user_id=user1_.id where users0_.role_id=?
[2019-08-01 21:27:44] DEBUG 134 statementLog - {conn-10004, pstmt-20009} clearParameters. 
[2019-08-01 21:27:44] DEBUG 134 statementLog - {conn-10004, pstmt-20008} Parameters : [2]
[2019-08-01 21:27:44] DEBUG 134 statementLog - {conn-10004, pstmt-20008} Types : [VARCHAR]
[2019-08-01 21:27:44] DEBUG 134 statementLog - {conn-10004, pstmt-20008, rs-50084} query executed. 0.690422 millis. select roles0_.user_id as user_id1_5_0_, roles0_.role_id as role_id2_5_0_, role1_.id as id1_3_1_, role1_.description as descript2_3_1_, role1_.role_name as role_nam3_3_1_ from user_role roles0_ inner join role role1_ on roles0_.role_id=role1_.id where roles0_.user_id=?
[2019-08-01 21:27:44] DEBUG 134 statementLog - {conn-10004, pstmt-20008} clearParameters. 
[2019-08-01 21:27:44] DEBUG 134 statementLog - {conn-10004, pstmt-20009} Parameters : [3]
[2019-08-01 21:27:44] DEBUG 134 statementLog - {conn-10004, pstmt-20009} Types : [VARCHAR]
[2019-08-01 21:27:44] DEBUG 134 statementLog - {conn-10004, pstmt-20009, rs-50085} query executed. 0.823359 millis. select users0_.role_id as role_id2_5_0_, users0_.user_id as user_id1_5_0_, user1_.id as id1_4_1_, user1_.description as descript2_4_1_, user1_.org_id as org_id7_4_1_, user1_.password as password3_4_1_, user1_.phone_number as phone_nu4_4_1_, user1_.real_name as real_nam5_4_1_, user1_.username as username6_4_1_ from user_role users0_ inner join user user1_ on users0_.user_id=user1_.id where users0_.role_id=?
[2019-08-01 21:27:44] DEBUG 134 statementLog - {conn-10004, pstmt-20009} clearParameters. 
[2019-08-01 21:27:44] DEBUG 134 statementLog - {conn-10004, pstmt-20008} Parameters : [6]
[2019-08-01 21:27:44] DEBUG 134 statementLog - {conn-10004, pstmt-20008} Types : [VARCHAR]
[2019-08-01 21:27:44] DEBUG 134 statementLog - {conn-10004, pstmt-20008, rs-50086} query executed. 0.74261 millis. select roles0_.user_id as user_id1_5_0_, roles0_.role_id as role_id2_5_0_, role1_.id as id1_3_1_, role1_.description as descript2_3_1_, role1_.role_name as role_nam3_3_1_ from user_role roles0_ inner join role role1_ on roles0_.role_id=role1_.id where roles0_.user_id=?
[2019-08-01 21:27:44] DEBUG 134 statementLog - {conn-10004, pstmt-20008} clearParameters. 
[2019-08-01 21:27:44] DEBUG 134 statementLog - {conn-10004, pstmt-20008} Parameters : [5]
[2019-08-01 21:27:44] DEBUG 134 statementLog - {conn-10004, pstmt-20008} Types : [VARCHAR]
[2019-08-01 21:27:44] DEBUG 134 statementLog - {conn-10004, pstmt-20008, rs-50087} query executed. 0.549729 millis. select roles0_.user_id as user_id1_5_0_, roles0_.role_id as role_id2_5_0_, role1_.id as id1_3_1_, role1_.description as descript2_3_1_, role1_.role_name as role_nam3_3_1_ from user_role roles0_ inner join role role1_ on roles0_.role_id=role1_.id where roles0_.user_id=?
[2019-08-01 21:27:44] DEBUG 134 statementLog - {conn-10004, pstmt-20008} clearParameters. 
[2019-08-01 21:27:44] DEBUG 134 statementLog - {conn-10004, pstmt-20008} Parameters : [62ce2d511d7840c693ed7b1a420c461f]
[2019-08-01 21:27:44] DEBUG 134 statementLog - {conn-10004, pstmt-20008} Types : [VARCHAR]
[2019-08-01 21:27:44] DEBUG 134 statementLog - {conn-10004, pstmt-20008, rs-50088} query executed. 0.641409 millis. select roles0_.user_id as user_id1_5_0_, roles0_.role_id as role_id2_5_0_, role1_.id as id1_3_1_, role1_.description as descript2_3_1_, role1_.role_name as role_nam3_3_1_ from user_role roles0_ inner join role role1_ on roles0_.role_id=role1_.id where roles0_.user_id=?
[2019-08-01 21:27:44] DEBUG 134 statementLog - {conn-10004, pstmt-20008} clearParameters. 
[2019-08-01 21:27:44] DEBUG 134 statementLog - {conn-10004, pstmt-20008} Parameters : [6286a5aaf3a24d7f966a3dff94b8c527]
[2019-08-01 21:27:44] DEBUG 134 statementLog - {conn-10004, pstmt-20008} Types : [VARCHAR]
[2019-08-01 21:27:44] DEBUG 134 statementLog - {conn-10004, pstmt-20008, rs-50089} query executed. 0.761299 millis. select roles0_.user_id as user_id1_5_0_, roles0_.role_id as role_id2_5_0_, role1_.id as id1_3_1_, role1_.description as descript2_3_1_, role1_.role_name as role_nam3_3_1_ from user_role roles0_ inner join role role1_ on roles0_.role_id=role1_.id where roles0_.user_id=?
[2019-08-01 21:27:44] DEBUG 134 statementLog - {conn-10004, pstmt-20008} clearParameters. 
[2019-08-01 21:27:44] DEBUG 134 statementLog - {conn-10004, pstmt-20008} Parameters : [431c265a45774bb0bf2a8d71c17de94d]
[2019-08-01 21:27:44] DEBUG 134 statementLog - {conn-10004, pstmt-20008} Types : [VARCHAR]
[2019-08-01 21:27:44] DEBUG 134 statementLog - {conn-10004, pstmt-20008, rs-50090} query executed. 1.109684 millis. select roles0_.user_id as user_id1_5_0_, roles0_.role_id as role_id2_5_0_, role1_.id as id1_3_1_, role1_.description as descript2_3_1_, role1_.role_name as role_nam3_3_1_ from user_role roles0_ inner join role role1_ on roles0_.role_id=role1_.id where roles0_.user_id=?
[2019-08-01 21:27:44] DEBUG 134 statementLog - {conn-10004, pstmt-20008} clearParameters. 
[2019-08-01 21:27:44] DEBUG 134 statementLog - {conn-10004, pstmt-20008} Parameters : [306967ef678a40df9d11d0232e96400d]
[2019-08-01 21:27:44] DEBUG 134 statementLog - {conn-10004, pstmt-20008} Types : [VARCHAR]
[2019-08-01 21:27:44] DEBUG 134 statementLog - {conn-10004, pstmt-20008, rs-50091} query executed. 0.739436 millis. select roles0_.user_id as user_id1_5_0_, roles0_.role_id as role_id2_5_0_, role1_.id as id1_3_1_, role1_.description as descript2_3_1_, role1_.role_name as role_nam3_3_1_ from user_role roles0_ inner join role role1_ on roles0_.role_id=role1_.id where roles0_.user_id=?
[2019-08-01 21:27:44] DEBUG 134 statementLog - {conn-10004, pstmt-20008} clearParameters. 
[2019-08-01 21:27:44] DEBUG 134 statementLog - {conn-10004, pstmt-20008} Parameters : [3]
[2019-08-01 21:27:44] DEBUG 134 statementLog - {conn-10004, pstmt-20008} Types : [VARCHAR]
[2019-08-01 21:27:44] DEBUG 134 statementLog - {conn-10004, pstmt-20008, rs-50092} query executed. 0.783514 millis. select roles0_.user_id as user_id1_5_0_, roles0_.role_id as role_id2_5_0_, role1_.id as id1_3_1_, role1_.description as descript2_3_1_, role1_.role_name as role_nam3_3_1_ from user_role roles0_ inner join role role1_ on roles0_.role_id=role1_.id where roles0_.user_id=?
[2019-08-01 21:27:44] DEBUG 134 statementLog - {conn-10004, pstmt-20008} clearParameters. 
[2019-08-01 21:27:44] DEBUG 134 statementLog - {conn-10004, pstmt-20008} Parameters : [2d3ea61a94984bf5821cacd64d0f7646]
[2019-08-01 21:27:44] DEBUG 134 statementLog - {conn-10004, pstmt-20008} Types : [VARCHAR]
[2019-08-01 21:27:44] DEBUG 134 statementLog - {conn-10004, pstmt-20008, rs-50093} query executed. 0.81666 millis. select roles0_.user_id as user_id1_5_0_, roles0_.role_id as role_id2_5_0_, role1_.id as id1_3_1_, role1_.description as descript2_3_1_, role1_.role_name as role_nam3_3_1_ from user_role roles0_ inner join role role1_ on roles0_.role_id=role1_.id where roles0_.user_id=?
[2019-08-01 21:27:44] DEBUG 134 statementLog - {conn-10004, pstmt-20008} clearParameters. 
[2019-08-01 21:27:44] DEBUG 134 statementLog - {conn-10004, pstmt-20008} Parameters : [14362296f41a4b2792fef82ac2628d22]
[2019-08-01 21:27:44] DEBUG 134 statementLog - {conn-10004, pstmt-20008} Types : [VARCHAR]
[2019-08-01 21:27:44] DEBUG 134 statementLog - {conn-10004, pstmt-20008, rs-50094} query executed. 0.791624 millis. select roles0_.user_id as user_id1_5_0_, roles0_.role_id as role_id2_5_0_, role1_.id as id1_3_1_, role1_.description as descript2_3_1_, role1_.role_name as role_nam3_3_1_ from user_role roles0_ inner join role role1_ on roles0_.role_id=role1_.id where roles0_.user_id=?
[2019-08-01 21:27:44] DEBUG 134 statementLog - {conn-10004, pstmt-20008} clearParameters. 
[2019-08-01 21:27:44] DEBUG 134 statementLog - {conn-10004, pstmt-20010} Parameters : [2]
[2019-08-01 21:27:44] DEBUG 134 statementLog - {conn-10004, pstmt-20010} Types : [VARCHAR]
[2019-08-01 21:27:44] DEBUG 134 statementLog - {conn-10004, pstmt-20010, rs-50095} query executed. 0.489079 millis. select org0_.id as id1_0_0_, org0_.org_admin as org_admi2_0_0_, org0_.org_code as org_code3_0_0_, org0_.org_name as org_name4_0_0_, org0_.purchase_admin as purchase5_0_0_ from org org0_ where org0_.id=?
[2019-08-01 21:27:44] DEBUG 134 statementLog - {conn-10004, pstmt-20010} clearParameters. 
[2019-08-01 21:27:44] DEBUG 134 statementLog - {conn-10004, pstmt-20011} Parameters : [2]
[2019-08-01 21:27:44] DEBUG 134 statementLog - {conn-10004, pstmt-20011} Types : [VARCHAR]
[2019-08-01 21:27:44] DEBUG 134 statementLog - {conn-10004, pstmt-20011, rs-50096} query executed. 0.867436 millis. select users0_.org_id as org_id7_4_0_, users0_.id as id1_4_0_, users0_.id as id1_4_1_, users0_.description as descript2_4_1_, users0_.org_id as org_id7_4_1_, users0_.password as password3_4_1_, users0_.phone_number as phone_nu4_4_1_, users0_.real_name as real_nam5_4_1_, users0_.username as username6_4_1_ from user users0_ where users0_.org_id=?
[2019-08-01 21:27:44] DEBUG 134 statementLog - {conn-10004, pstmt-20011} clearParameters. 
