[2019-08-01 21:04:42] INFO  org.springframework.boot.StartupInfoLogger 50 logStarting - Starting GpbmsApplication on DESKTOP-7M3VPL4 with PID 15832 (F:\Java\project\MyGPBMS\mygpbms_backend\target\classes started by Lenovo in F:\Java\project\MyGPBMS\mygpbms_backend)
[2019-08-01 21:04:42] INFO  org.springframework.boot.SpringApplication 675 logStartupProfileInfo - No active profile set, falling back to default profiles: default
[2019-08-01 21:04:44] INFO  org.springframework.data.repository.config.RepositoryConfigurationDelegate 126 registerRepositoriesIn - Bootstrapping Spring Data repositories in DEFAULT mode.
[2019-08-01 21:04:44] INFO  org.springframework.data.repository.config.RepositoryConfigurationDelegate 182 registerRepositoriesIn - Finished Spring Data repository scanning in 134ms. Found 5 repository interfaces.
[2019-08-01 21:04:45] INFO  org.springframework.context.support.PostProcessorRegistrationDelegate$BeanPostProcessorChecker 330 postProcessAfterInitialization - Bean 'org.springframework.transaction.annotation.ProxyTransactionManagementConfiguration' of type [org.springframework.transaction.annotation.ProxyTransactionManagementConfiguration$$EnhancerBySpringCGLIB$$70cfec4b] is not eligible for getting processed by all BeanPostProcessors (for example: not eligible for auto-proxying)
[2019-08-01 21:04:46] INFO  org.springframework.boot.web.embedded.tomcat.TomcatWebServer 90 initialize - Tomcat initialized with port(s): 8008 (http)
[2019-08-01 21:04:46] INFO  org.apache.juli.logging.DirectJDKLog 173 log - Starting service [Tomcat]
[2019-08-01 21:04:46] INFO  org.apache.juli.logging.DirectJDKLog 173 log - Starting Servlet Engine: Apache Tomcat/9.0.12
[2019-08-01 21:04:46] INFO  org.apache.juli.logging.DirectJDKLog 173 log - Loaded APR based Apache Tomcat Native library [1.2.21] using APR version [1.6.5].
[2019-08-01 21:04:46] INFO  org.apache.juli.logging.DirectJDKLog 173 log - APR capabilities: IPv6 [true], sendfile [true], accept filters [false], random [true].
[2019-08-01 21:04:46] INFO  org.apache.juli.logging.DirectJDKLog 173 log - APR/OpenSSL configuration: useAprConnector [false], useOpenSSL [true]
[2019-08-01 21:04:46] INFO  org.apache.juli.logging.DirectJDKLog 173 log - OpenSSL successfully initialized [OpenSSL 1.1.1a  20 Nov 2018]
[2019-08-01 21:04:46] INFO  org.apache.juli.logging.DirectJDKLog 173 log - Initializing Spring embedded WebApplicationContext
[2019-08-01 21:04:46] INFO  org.springframework.boot.web.servlet.context.ServletWebServerApplicationContext 285 prepareWebApplicationContext - Root WebApplicationContext: initialization completed in 4114 ms
[2019-08-01 21:04:46] INFO  org.springframework.boot.web.servlet.ServletRegistrationBean 186 addRegistration - Servlet dispatcherServlet mapped to [/]
[2019-08-01 21:04:46] INFO  org.springframework.boot.web.servlet.ServletRegistrationBean 186 addRegistration - Servlet statViewServlet mapped to [/druid/*]
[2019-08-01 21:04:46] INFO  org.springframework.boot.web.servlet.AbstractFilterRegistrationBean 248 configure - Mapping filter: 'characterEncodingFilter' to: [/*]
[2019-08-01 21:04:46] INFO  org.springframework.boot.web.servlet.AbstractFilterRegistrationBean 248 configure - Mapping filter: 'hiddenHttpMethodFilter' to: [/*]
[2019-08-01 21:04:46] INFO  org.springframework.boot.web.servlet.AbstractFilterRegistrationBean 248 configure - Mapping filter: 'formContentFilter' to: [/*]
[2019-08-01 21:04:46] INFO  org.springframework.boot.web.servlet.AbstractFilterRegistrationBean 248 configure - Mapping filter: 'requestContextFilter' to: [/*]
[2019-08-01 21:04:46] INFO  org.springframework.boot.web.servlet.AbstractFilterRegistrationBean 261 configure - Mapping filter: 'webStatFilter' to urls: [/*]
[2019-08-01 21:04:46] INFO  com.alibaba.druid.spring.boot.autoconfigure.DruidDataSourceAutoConfigure 56 dataSource - Init DruidDataSource
[2019-08-01 21:04:48] INFO  com.alibaba.druid.pool.DruidDataSource 930 init - {dataSource-1} inited
[2019-08-01 21:04:48] INFO  org.hibernate.Version 46 logVersion - HHH000412: Hibernate Core {5.3.7.Final}
[2019-08-01 21:04:48] INFO  org.hibernate.cfg.Environment 213 <clinit> - HHH000206: hibernate.properties not found
[2019-08-01 21:04:48] INFO  org.hibernate.annotations.common.reflection.java.JavaReflectionManager 49 <clinit> - HCANN000001: Hibernate Commons Annotations {5.0.4.Final}
[2019-08-01 21:04:49] INFO  org.hibernate.dialect.Dialect 157 <init> - HHH000400: Using dialect: org.hibernate.dialect.MySQL5Dialect
[2019-08-01 21:04:51] INFO  org.springframework.orm.jpa.AbstractEntityManagerFactoryBean 415 buildNativeEntityManagerFactory - Initialized JPA EntityManagerFactory for persistence unit 'default'
[2019-08-01 21:04:52] INFO  org.springframework.scheduling.concurrent.ExecutorConfigurationSupport 171 initialize - Initializing ExecutorService 'applicationTaskExecutor'
[2019-08-01 21:04:52] INFO  org.springframework.boot.web.embedded.tomcat.TomcatWebServer 204 start - Tomcat started on port(s): 8008 (http) with context path ''
[2019-08-01 21:04:52] INFO  org.springframework.boot.StartupInfoLogger 59 logStarted - Started GpbmsApplication in 11.627 seconds (JVM running for 17.256)
[2019-08-01 21:17:13] INFO  org.springframework.boot.StartupInfoLogger 50 logStarting - Starting GpbmsApplication on DESKTOP-7M3VPL4 with PID 15732 (F:\Java\project\MyGPBMS\mygpbms_backend\target\classes started by Lenovo in F:\Java\project\MyGPBMS\mygpbms_backend)
[2019-08-01 21:17:13] INFO  org.springframework.boot.SpringApplication 675 logStartupProfileInfo - No active profile set, falling back to default profiles: default
[2019-08-01 21:17:14] INFO  org.springframework.data.repository.config.RepositoryConfigurationDelegate 126 registerRepositoriesIn - Bootstrapping Spring Data repositories in DEFAULT mode.
[2019-08-01 21:17:14] INFO  org.springframework.data.repository.config.RepositoryConfigurationDelegate 182 registerRepositoriesIn - Finished Spring Data repository scanning in 77ms. Found 5 repository interfaces.
[2019-08-01 21:17:14] INFO  org.springframework.context.support.PostProcessorRegistrationDelegate$BeanPostProcessorChecker 330 postProcessAfterInitialization - Bean 'org.springframework.transaction.annotation.ProxyTransactionManagementConfiguration' of type [org.springframework.transaction.annotation.ProxyTransactionManagementConfiguration$$EnhancerBySpringCGLIB$$90e0f28] is not eligible for getting processed by all BeanPostProcessors (for example: not eligible for auto-proxying)
[2019-08-01 21:17:15] INFO  org.springframework.boot.web.embedded.tomcat.TomcatWebServer 90 initialize - Tomcat initialized with port(s): 8008 (http)
[2019-08-01 21:17:15] INFO  org.apache.juli.logging.DirectJDKLog 173 log - Starting service [Tomcat]
[2019-08-01 21:17:15] INFO  org.apache.juli.logging.DirectJDKLog 173 log - Starting Servlet Engine: Apache Tomcat/9.0.12
[2019-08-01 21:17:15] INFO  org.apache.juli.logging.DirectJDKLog 173 log - Loaded APR based Apache Tomcat Native library [1.2.21] using APR version [1.6.5].
[2019-08-01 21:17:15] INFO  org.apache.juli.logging.DirectJDKLog 173 log - APR capabilities: IPv6 [true], sendfile [true], accept filters [false], random [true].
[2019-08-01 21:17:15] INFO  org.apache.juli.logging.DirectJDKLog 173 log - APR/OpenSSL configuration: useAprConnector [false], useOpenSSL [true]
[2019-08-01 21:17:15] INFO  org.apache.juli.logging.DirectJDKLog 173 log - OpenSSL successfully initialized [OpenSSL 1.1.1a  20 Nov 2018]
[2019-08-01 21:17:15] INFO  org.apache.juli.logging.DirectJDKLog 173 log - Initializing Spring embedded WebApplicationContext
[2019-08-01 21:17:15] INFO  org.springframework.boot.web.servlet.context.ServletWebServerApplicationContext 285 prepareWebApplicationContext - Root WebApplicationContext: initialization completed in 1805 ms
[2019-08-01 21:17:15] INFO  org.springframework.boot.web.servlet.ServletRegistrationBean 186 addRegistration - Servlet dispatcherServlet mapped to [/]
[2019-08-01 21:17:15] INFO  org.springframework.boot.web.servlet.ServletRegistrationBean 186 addRegistration - Servlet statViewServlet mapped to [/druid/*]
[2019-08-01 21:17:15] INFO  org.springframework.boot.web.servlet.AbstractFilterRegistrationBean 248 configure - Mapping filter: 'characterEncodingFilter' to: [/*]
[2019-08-01 21:17:15] INFO  org.springframework.boot.web.servlet.AbstractFilterRegistrationBean 248 configure - Mapping filter: 'hiddenHttpMethodFilter' to: [/*]
[2019-08-01 21:17:15] INFO  org.springframework.boot.web.servlet.AbstractFilterRegistrationBean 248 configure - Mapping filter: 'formContentFilter' to: [/*]
[2019-08-01 21:17:15] INFO  org.springframework.boot.web.servlet.AbstractFilterRegistrationBean 248 configure - Mapping filter: 'requestContextFilter' to: [/*]
[2019-08-01 21:17:15] INFO  org.springframework.boot.web.servlet.AbstractFilterRegistrationBean 261 configure - Mapping filter: 'webStatFilter' to urls: [/*]
[2019-08-01 21:17:15] INFO  com.alibaba.druid.spring.boot.autoconfigure.DruidDataSourceAutoConfigure 56 dataSource - Init DruidDataSource
[2019-08-01 21:17:16] INFO  com.alibaba.druid.pool.DruidDataSource 930 init - {dataSource-1} inited
[2019-08-01 21:17:16] INFO  org.hibernate.Version 46 logVersion - HHH000412: Hibernate Core {5.3.7.Final}
[2019-08-01 21:17:16] INFO  org.hibernate.cfg.Environment 213 <clinit> - HHH000206: hibernate.properties not found
[2019-08-01 21:17:16] INFO  org.hibernate.annotations.common.reflection.java.JavaReflectionManager 49 <clinit> - HCANN000001: Hibernate Commons Annotations {5.0.4.Final}
[2019-08-01 21:17:16] INFO  org.hibernate.dialect.Dialect 157 <init> - HHH000400: Using dialect: org.hibernate.dialect.MySQL5Dialect
[2019-08-01 21:17:17] INFO  org.springframework.orm.jpa.AbstractEntityManagerFactoryBean 415 buildNativeEntityManagerFactory - Initialized JPA EntityManagerFactory for persistence unit 'default'
[2019-08-01 21:17:17] INFO  org.springframework.scheduling.concurrent.ExecutorConfigurationSupport 171 initialize - Initializing ExecutorService 'applicationTaskExecutor'
[2019-08-01 21:17:17] INFO  org.springframework.boot.web.embedded.tomcat.TomcatWebServer 204 start - Tomcat started on port(s): 8008 (http) with context path ''
[2019-08-01 21:17:17] INFO  org.springframework.boot.StartupInfoLogger 59 logStarted - Started GpbmsApplication in 4.998 seconds (JVM running for 6.89)
[2019-08-01 21:22:33] INFO  org.apache.juli.logging.DirectJDKLog 173 log - Initializing Spring DispatcherServlet 'dispatcherServlet'
[2019-08-01 21:22:33] INFO  org.springframework.web.servlet.FrameworkServlet 521 initServletBean - Initializing Servlet 'dispatcherServlet'
[2019-08-01 21:22:33] INFO  org.springframework.web.servlet.FrameworkServlet 543 initServletBean - Completed initialization in 623 ms
[2019-08-01 21:22:35] INFO  org.hibernate.hql.internal.QueryTranslatorFactoryInitiator 47 initiateService - HHH000397: Using ASTQueryTranslatorFactory
